[23:46:31] Run started — input=states/ny/input/franchisees.csv, output=states/ny/output/enriched.csv
[23:46:31] Loaded 554 input rows
[23:46:31] Bulk cache stale or missing — downloading via HTTPS
[23:46:31] Attempt 1: GET https://data.ny.gov/api/views/n9v6-gdp6/rows.csv?accessType=DOWNLOAD
[23:46:31]   existing on disk: 0.00 GB
[23:46:33]   200 OK; size unknown (chunked)
[23:46:40]   0.03 GB — 3743 KB/s
[23:46:51]   0.05 GB — 2834 KB/s
[23:47:00]   0.08 GB — 2811 KB/s
[23:47:15]   0.11 GB — 2437 KB/s
[23:47:26]   0.13 GB — 2400 KB/s
[23:47:36]   0.16 GB — 2426 KB/s
[23:47:42]   0.18 GB — 2588 KB/s
[23:47:48]   0.21 GB — 2745 KB/s
[23:47:52]   0.24 GB — 2910 KB/s
[23:47:58]   0.26 GB — 3019 KB/s
[23:48:11]   0.29 GB — 2875 KB/s
[23:48:26]   0.31 GB — 2720 KB/s
[23:48:36]   0.34 GB — 2702 KB/s
[23:48:47]   0.37 GB — 2680 KB/s
[23:48:56]   0.39 GB — 2694 KB/s
[23:49:05]   0.42 GB — 2698 KB/s
[23:49:14]   0.45 GB — 2702 KB/s
[23:49:26]   0.47 GB — 2661 KB/s
[23:49:40]   0.50 GB — 2603 KB/s
[23:49:48]   0.52 GB — 2623 KB/s
[23:50:01]   0.55 GB — 2591 KB/s
[23:50:11]   0.58 GB — 2589 KB/s
[23:50:16]   0.60 GB — 2642 KB/s
[23:50:25]   0.63 GB — 2654 KB/s
[23:50:40]   0.65 GB — 2584 KB/s
[23:50:52]   0.68 GB — 2562 KB/s
[23:51:06]   0.71 GB — 2527 KB/s
[23:51:18]   0.73 GB — 2506 KB/s
[23:51:33]   0.75 GB — 2444 KB/s
[23:51:43]   0.78 GB — 2450 KB/s
[23:51:47]   0.80 GB — 2499 KB/s
[23:51:53]   0.83 GB — 2538 KB/s
[23:51:55]   saved to disk: 0.84 GB
[23:51:55] Download complete: 0.84 GB
[23:51:55] Indexing D:\PBX Code\MUF Database Builder\nova-abm-enrichment\states\ny\bulk\active_corps.csv (0.84 GB)...
[23:52:24] Indexed 4,203,265 records.
[23:52:24] [1/554] Four Cousins Burgers And Fries Of Li, Llc (Bill Gellert) -> matches=0
[23:52:24] [2/554] Fgny Holding, Llc (Andrew Stern And John Rigos) -> matches=0
[23:52:24] [3/554] Opportunity Pancakes 4 Llc -> matches=0
[23:52:24] [4/554] George R Michell -> matches=0
[23:52:24] [5/554] Tasty Hut Northeast Llc -> matches=0
[23:52:24] Match phase done: processed=5, skipped=0
[23:52:24] Running cross-row analysis ...
[23:52:24] Rescored 5 rows.
[23:52:24] Output: D:\PBX Code\MUF Database Builder\nova-abm-enrichment\states\ny\output\enriched.csv
[23:58:36] Run started — input=states/ny/input/franchisees.csv, output=states/ny/output/enriched.csv
[23:58:36] Loaded 554 input rows
[23:58:36] Indexing D:\PBX Code\MUF Database Builder\nova-abm-enrichment\states\ny\bulk\active_corps.csv (0.84 GB)...
[23:58:42]   ... 500,000 records indexed
[23:58:48]   ... 1,000,000 records indexed
[23:58:59]   ... 1,500,000 records indexed
[23:59:09]   ... 2,000,000 records indexed
[00:03:00] Run started — input=states/ny/input/franchisees.csv, output=states/ny/output/enriched.csv
[00:03:00] Loaded 554 input rows
[00:03:00] Will match 5 rows (549 already done or empty)
[00:03:00] Built lookup table: 10 normalized queries from 5 input rows
[00:03:00] Streaming D:\PBX Code\MUF Database Builder\nova-abm-enrichment\states\ny\bulk\active_corps.csv (0.84 GB) ...
[00:03:03]   ... 500,000 records scanned, 0 candidate matches so far
[00:03:06]   ... 1,000,000 records scanned, 0 candidate matches so far
[00:03:09]   ... 1,500,000 records scanned, 0 candidate matches so far
[00:03:11]   ... 2,000,000 records scanned, 2 candidate matches so far
[00:03:14]   ... 2,500,000 records scanned, 2 candidate matches so far
[00:03:17]   ... 3,000,000 records scanned, 4 candidate matches so far
[00:03:20]   ... 3,500,000 records scanned, 4 candidate matches so far
[00:03:23]   ... 4,000,000 records scanned, 6 candidate matches so far
[00:03:24] Scan complete: 4,203,265 records, 6 candidate matches across 4 inputs
[00:03:24] [1/5] Four Cousins Burgers And Fries Of Li, Llc (Bill Gellert) -> matches=1 | FOUR COUSINS, LLC
[00:03:24] [2/5] Fgny Holding, Llc (Andrew Stern And John Rigos) -> matches=1 | FGNY HOLDING, LLC
[00:03:24] [3/5] Opportunity Pancakes 4 Llc -> matches=1 | OPPORTUNITY PANCAKES 4 LLC
[00:03:24] [4/5] George R Michell -> matches=0
[00:03:24] [5/5] Tasty Hut Northeast Llc -> matches=1 | TASTY HUT NORTHEAST, LLC
[00:03:24] Match phase done: processed=5, skipped=549
[00:03:24] Running cross-row analysis ...
[00:03:24] Rescored 5 rows.
[00:03:24] Output: D:\PBX Code\MUF Database Builder\nova-abm-enrichment\states\ny\output\enriched.csv
[00:05:03] Run started — input=states/ny/input/franchisees.csv, output=states/ny/output/enriched.csv
[00:05:03] Loaded 554 input rows
[00:05:03] Will match 5 rows (549 already done or empty)
[00:05:03] Built lookup table: 10 normalized queries from 5 input rows
[00:05:03] Streaming D:\PBX Code\MUF Database Builder\nova-abm-enrichment\states\ny\bulk\active_corps.csv (0.84 GB) ...
[00:05:06]   ... 500,000 records scanned, 0 candidate matches so far
[00:05:09]   ... 1,000,000 records scanned, 0 candidate matches so far
[00:05:12]   ... 1,500,000 records scanned, 0 candidate matches so far
[00:05:15]   ... 2,000,000 records scanned, 3 candidate matches so far
[00:05:18]   ... 2,500,000 records scanned, 3 candidate matches so far
[00:05:21]   ... 3,000,000 records scanned, 5 candidate matches so far
[00:05:24]   ... 3,500,000 records scanned, 5 candidate matches so far
[00:05:27]   ... 4,000,000 records scanned, 7 candidate matches so far
[00:05:28] Scan complete: 4,203,265 records, 7 candidate matches across 4 inputs
[00:05:28] [1/5] Four Cousins Burgers And Fries Of Li, Llc (Bill Gellert) -> matches=1 | FOUR COUSINS BURGERS & FRIES OF LI, LLC | owner: BILL GELLERT
[00:05:28] [2/5] Fgny Holding, Llc (Andrew Stern And John Rigos) -> matches=1 | FGNY HOLDING, LLC
[00:05:28] [3/5] Opportunity Pancakes 4 Llc -> matches=1 | OPPORTUNITY PANCAKES 4 LLC
[00:05:28] [4/5] George R Michell -> matches=0
[00:05:28] [5/5] Tasty Hut Northeast Llc -> matches=1 | TASTY HUT NORTHEAST, LLC
[00:05:28] Match phase done: processed=5, skipped=549
[00:05:28] Running cross-row analysis ...
[00:05:28] Rescored 5 rows.
[00:05:28] Output: D:\PBX Code\MUF Database Builder\nova-abm-enrichment\states\ny\output\enriched.csv
[00:06:59] Run started — input=states/ny/input/franchisees.csv, output=states/ny/output/enriched.csv
[00:06:59] Loaded 554 input rows
[00:06:59] Will match 554 rows (0 already done or empty)
[00:06:59] Built lookup table: 929 normalized queries from 554 input rows
[00:06:59] Streaming D:\PBX Code\MUF Database Builder\nova-abm-enrichment\states\ny\bulk\active_corps.csv (0.84 GB) ...
[00:07:02]   ... 500,000 records scanned, 126 candidate matches so far
[00:07:05]   ... 1,000,000 records scanned, 184 candidate matches so far
[00:07:08]   ... 1,500,000 records scanned, 224 candidate matches so far
[00:07:11]   ... 2,000,000 records scanned, 261 candidate matches so far
[00:07:14]   ... 2,500,000 records scanned, 333 candidate matches so far
[00:07:17]   ... 3,000,000 records scanned, 399 candidate matches so far
[00:07:20]   ... 3,500,000 records scanned, 434 candidate matches so far
[00:07:23]   ... 4,000,000 records scanned, 469 candidate matches so far
[00:07:24] Scan complete: 4,203,265 records, 482 candidate matches across 406 inputs
[00:07:24] [1/554] Four Cousins Burgers And Fries Of Li, Llc (Bill Gellert) -> matches=1 | FOUR COUSINS BURGERS & FRIES OF LI, LLC | owner: BILL GELLERT
[00:07:24] [2/554] Fgny Holding, Llc (Andrew Stern And John Rigos) -> matches=1 | FGNY HOLDING, LLC
[00:07:24] [3/554] Opportunity Pancakes 4 Llc -> matches=1 | OPPORTUNITY PANCAKES 4 LLC
[00:07:24] [4/554] George R Michell -> matches=0
[00:07:24] [5/554] Tasty Hut Northeast Llc -> matches=1 | TASTY HUT NORTHEAST, LLC
[00:07:24] [6/554] Singh -> matches=0
[00:07:24] [7/554] Rockaway Beach Chicken Corp. -> matches=1 | ROCKAWAY BEACH CHICKEN CORP.
[00:07:24] [8/554] Peter J Fonseca -> matches=0
[00:07:24] [9/554] Oceanside Restaurant Associates, L.P. -> matches=1 | OCEANSIDE RESTAURANT ASSOCIATES, L.P. | owner: HARRY P BRAUNSTEIN, ESQ C/O HERZFELD & RUBIN, PC
[00:07:24] [10/554] David B Singelyn -> matches=1 | DAVID B. CORPORATION | owner: DAVID BERNSTEIN
[00:07:24] [11/554] Bolla Operating Corp. -> matches=1 | BOLLA OPERATING CORP. | owner: HARVINDER SINGH
[00:07:24] [12/554] Carlos R Mateos -> matches=1 | CARLOS R CORPORATION | owner: CARLOS ROJAS
[00:07:24] [13/554] Harold T Clark -> matches=1 | HAROLD T. CLARK, LLC
[00:07:24] [14/554] Bruce D Colley -> matches=0
[00:07:24] [15/554] Tlc Central, Llc -> matches=1 | TLC CENTRAL, LLC | owner: C/O WILLIAM B. MAGNARELLI, ESQ. SCOLARO, SHULMAN, COHEN,
[00:07:24] [16/554] Tlc West, Llc -> matches=1 | TLC WEST, LLC | owner: C/O WILLIAM B. MAGNARELLI, ESQ.
[00:07:24] [17/554] Paul Hendel -> matches=0
[00:07:24] [18/554] Cookston, Robert L. -> matches=0
[00:07:24] [19/554] Liberty Restaurants Of Rochester, Llc. -> matches=1 | LIBERTY RESTAURANTS OF ROCHESTER LLC | owner: PARGET SINGH
[00:07:24] [20/554] Qsr Nyc Llc -> matches=1 | QSR NYC LLC
[00:07:24] [21/554] Katie Hunt-Rotolo -> matches=0
[00:07:24] [22/554] Paul Goodman -> matches=0
[00:07:24] [23/554] Apple Food Service Of Long Island, Llc -> matches=1 | APPLE FOOD SERVICE OF LONG ISLAND, LLC
[00:07:24] [24/554] Doherty Apple Bronx Terminal Market Llc -> matches=1 | DOHERTY APPLE BRONX TERMINAL MARKET, LLC
[00:07:24] [25/554] Applegreen Ny Travel Plazas, Llc. -> matches=1 | APPLEGREEN NY TRAVEL PLAZAS, LLC
[00:07:24] [26/554] Harry Schatmeyer -> matches=0
[00:07:24] [27/554] Josef Gialil -> matches=0
[00:07:24] [28/554] Sharma, Yash P. -> matches=0
[00:07:24] [29/554] Kedis Enterprises 4, Llc -> matches=1 | KEDIS ENTERPRISES 4 LLC | owner: ROBERT RUGGIERI
[00:07:24] [30/554] Bryan O Colley -> matches=0
[00:07:24] [31/554] 217 Hillside Chicken Corp. -> matches=1 | 217 HILLSIDE CHICKEN CORP. | owner: LALMIR SULTANZADA
[00:07:24] [32/554] Pak Mt. Vernon Management Inc. -> matches=1 | PAK MT. VERNON MANAGEMENT INC. | owner: AMNA KIRMANI
[00:07:24] [33/554] Timothy G Potter -> matches=0
[00:07:24] [34/554] The Daland Corporation -> matches=0
[00:07:24] [35/554] Amazing Burgers, Llc (Gregory Slayton And Paul Slayton) -> matches=0
[00:07:24] [36/554] Rosario Iraci -> matches=0
[00:07:24] [37/554] Dave Opstad -> matches=0
[00:07:24] [38/554] New York Food & Drink 4416 Fort Hamilton Inc. -> matches=1 | NEW YORK FOOD & DRINK 4416 FORT HAMILTON INC. | owner: WUN MON ENG
[00:07:24] [39/554] Munson Of 1258 Lexington Ave Wings Go Llc -> matches=1 | MUNSON OF 1258 LEXINGTON AVE WINGS GO LLC
[00:07:24] [40/554] Apple West Co. Inc. -> matches=1 | APPLE WEST CO. INC. | owner: JAY DELLAMONICA
[00:07:24] [41/554] Jonah Kaufman -> matches=0
[00:07:24] [42/554] Gerald Laurino -> matches=0
[00:07:24] [43/554] John Bert -> matches=0
[00:07:24] [44/554] Sk Restaurants Of Nyc Llc -> matches=1 | SK RESTAURANTS OF NYC LLC | owner: Parget Singh
[00:07:24] [45/554] Sultanzada -> matches=0
[00:07:24] [46/554] Herbert J Thomas -> matches=0
[00:07:24] [47/554] Julio Morgan Gillis -> matches=0
[00:07:24] [48/554] Dean W Colley -> matches=0
[00:07:24] [49/554] Bart-Rich Enterprises, Inc. -> matches=1 | BART-RICH ENTERPRISES, INC. | owner: DIANA BARTLETT
[00:07:24] [50/554] John Laurino -> matches=0
[00:07:24] [51/554] Grant D Kemmerer -> matches=0
[00:07:24] [52/554] Legacy Sandwich New Scotland Llc -> matches=1 | LEGACY SANDWICH NEW SCOTLAND LLC
[00:07:24] [53/554] Joshua Kaufman -> matches=0
[00:07:24] [54/554] Louis Buono -> matches=0
[00:07:24] [55/554] Juan A Rodriguez -> matches=1 | JUAN RODRIGUEZ LLC | owner: Juan Rodriguez
[00:07:24] [56/554] David Freiman -> matches=1 | DAVID FREIMAN LTD. | owner: DAVID FREIMAN
[00:07:24] [57/554] Ali, Raja Shahid -> matches=0
[00:07:24] [58/554] Pioneer Qsr Enterprises Llc -> matches=1 | PIONEER QSR ENTERPRISES LLC | owner: JESSIE GUPTA
[00:07:24] [59/554] Colleen M Mclaughlin -> matches=0
[00:07:24] [60/554] William R Marcellus -> matches=0
[00:07:24] [61/554] Elisa Castiglione -> matches=0
[00:07:24] [62/554] Operation Brain Freeze (Dewey Ave) Llc. -> matches=1 | OPERATION BRAIN FREEZE (BRADFORD), LLC
[00:07:24] [63/554] Jara, Giovani -> matches=0
[00:07:24] [64/554] Matthew Potter -> matches=0
[00:07:24] [65/554] Jeffrey Byrne -> matches=0
[00:07:24] [66/554] Michael A Sullivan -> matches=0
[00:07:24] [67/554] Catherine P Perna -> matches=0
[00:07:24] [68/554] Warren D Weichbrodt -> matches=0
[00:07:24] [69/554] Jaime Liedtke -> matches=0
[00:07:24] [70/554] Westside Wings New Scotland Llc -> matches=1 | WESTSIDE WINGS NEW SCOTLAND LLC
[00:07:24] [71/554] Bartlett Investment Group, Llc -> matches=1 | BARTLETT INVESTMENT GROUP, LLC
[00:07:24] [72/554] Xhani Llc -> matches=1 | XHANI LLC
[00:07:24] [73/554] Perfect Pretzels Inc. -> matches=1 | PERFECT PRETZELS INC. | owner: EDDIE CUMART
[00:07:24] [74/554] Thomas G Parker -> matches=0
[00:07:24] [75/554] Kris Sexton -> matches=0
[00:07:24] [76/554] Josie Trefz -> matches=0
[00:07:24] [77/554] Joy Carlos Wong -> matches=0
[00:07:24] [78/554] Banta Bww Mdt, Llc -> matches=1 | BANTA BWW MDT, LLC
[00:07:24] [79/554] Tri-King Ventures, Llc -> matches=1 | TRI-KING VENTURES, LLC
[00:07:24] [80/554] Froccaro -> matches=0
[00:07:24] [81/554] Adirondack Chicken Corp. -> matches=1 | ADIRONDACK CHICKEN CORP.
[00:07:24] [82/554] Perla L Gonzalez -> matches=0
[00:07:24] [83/554] Sam R Deluca -> matches=0
[00:07:24] [84/554] Michael J Mclaughlin -> matches=0
[00:07:24] [85/554] Michael Daggett -> matches=0
[00:07:24] [86/554] Lauren Hendel Frew -> matches=0
[00:07:24] [87/554] Allegany Pizza Llc -> matches=1 | ALLEGANY PIZZA LLC
[00:07:24] [88/554] Hamza Warriach -> matches=0
[00:07:24] [89/554] Mohammed Ali Razai, Akm Masud Hasan, Mustaque Ahmed, Bipul S -> matches=0
[00:07:24] [90/554] Brooklyn Caledonia Iii Llc -> matches=1 | BROOKLYN CALEDONIA III LLC
[00:07:24] [91/554] Indus Kfny Inc. -> matches=1 | INDUS KFNY INC. | owner: BHOOPIRDER MEHTA
[00:07:24] [92/554] C & B Restaurant Corp. -> matches=1 | C & B RESTAURANT CORP. | owner: JOSEPH CAVEGN
[00:07:24] [93/554] Justin Maccarthy -> matches=0
[00:07:24] [94/554] W. David Foster -> matches=0
[00:07:24] [95/554] Cortesia Norman -> matches=0
[00:07:24] [96/554] Mark B Hendel -> matches=1 | MARK B. HENDEL LLC | owner: MARK B. HENDEL
[00:07:24] [97/554] Anthony M Liedtke -> matches=0
[00:07:24] [98/554] Richard Krahling -> matches=0
[00:07:24] [99/554] Abdul Hadi Mowla -> matches=0
[00:07:24] [100/554] Brian Spillane -> matches=0
[00:07:24] [101/554] Aj New York Management, Llc -> matches=1 | AJ NEW YORK MANAGEMENT LLC
[00:07:24] [102/554] Cammilleri Holdings, Llc -> matches=1 | CAMMILLERI HOLDINGS, L.L.C. | owner: CAMMILLERI HOLDINGS, L.L.C.
[00:07:24] [103/554] 1607 Food Corp. -> matches=1 | 1607 FOOD CORP. | owner: PARGET SINGH
[00:07:24] [104/554] 60 Metropolitan Operating Corp. -> matches=1 | 60 METROPOLITAN OPERATING CORP. | owner: JAY SYED
[00:07:24] [105/554] 624 South Conduit Operating Corp. -> matches=1 | 624 SOUTH CONDUIT OPERATING CORP. | owner: JAVAID SYED
[00:07:24] [106/554] 234 Utica Operating Corp. -> matches=1 | 234 UTICA OPERATING CORP | owner: JAVAID SYED
[00:07:24] [107/554] 8516 - Fifth Avenue Operating Corp. -> matches=0
[00:07:24] [108/554] Jsc Destinyusa Food Court Llc -> matches=1 | JSC DESTINYUSA FOOD COURT, LLC
[00:07:24] [109/554] 239 Elmont Operating Corp. -> matches=1 | 239 ELMONT OPERATING CORP. | owner: JAY SYED
[00:07:24] [110/554] 164 Turnpike Operating Corp. -> matches=1 | 164 TURNPIKE OPERATING CORP. | owner: JAY SYED
[00:07:24] [111/554] 16150 Cross Bay Operating Corp. -> matches=1 | 16150 CROSS BAY OPERATING CORP | owner: JAY SYED
[00:07:24] [112/554] Monticello Rest. 14398, Llc -> matches=1 | MONTICELLO REST. 14398 LLC
[00:07:24] [113/554] Jsc West Henrietta Llc. -> matches=1 | JSC WEST HENRIETTA LLC
[00:07:24] [114/554] Nidhi Preeti, Sohan Chadha -> matches=0
[00:07:24] [115/554] Altaf Masalawala, Muhammad Rizwan -> matches=0
[00:07:24] [116/554] Delectable Delights Llc -> matches=1 | DELECTABLE DELIGHTS LLC
[00:07:24] [117/554] Foster Ice Cream And Coffee Inc. -> matches=1 | FOSTER ICE CREAM AND COFFEE INC | owner: IQRA AHMED
[00:07:24] [118/554] Goldy Whadwa, Roozi Whadwa, Vinny Vig -> matches=0
[00:07:24] [119/554] Rajpal Kaur, Jaideep Kaur -> matches=1 | RAJPAL KAUR LLC | owner: Rajpal Kaur
[00:07:24] [120/554] Umme Hafeez, Jehanzaib Gondal -> matches=0
[00:07:24] [121/554] 5253 Llc -> matches=1 | 5253 LLC
[00:07:24] [122/554] Rackson Restaurants Llc -> matches=1 | RACKSON RESTAURANTS, LLC
[00:07:24] [123/554] Big Flats Dining Associates Llc -> matches=1 | BIG FLATS DINING ASSOCIATES LLC
[00:07:24] [124/554] Hanley, Christopher M. -> matches=0
[00:07:24] [125/554] 21033 Fg Corp (David Noor) -> matches=1 | 21033 FG CORP.
[00:07:24] [126/554] Sal'S Subs Ii, Llc -> matches=1 | SAL'S SUBS II, LLC
[00:07:24] [127/554] Kotes Of Jerome, Llc -> matches=1 | KOTES OF JEROME LLC
[00:07:24] [128/554] Kotes Of Peekskill Llc -> matches=1 | KOTES OF PEEKSKILL LLC
[00:07:24] [129/554] Kotes Of Hudson, Llc -> matches=1 | KOTES OF HUDSON LLC
[00:07:24] [130/554] White, David R. -> matches=0
[00:07:24] [131/554] Kotes Management, Llc -> matches=1 | KOTES MANAGEMENT LLC
[00:07:24] [132/554] 1866-0001 -> matches=0
[00:07:24] [133/554] Joseph Guerriera -> matches=0
[00:07:24] [134/554] Diane P Bustos -> matches=0
[00:07:24] [135/554] Janis Kemmerer -> matches=0
[00:07:24] [136/554] Giovanna Solimeo -> matches=0
[00:07:24] [137/554] Joe Ferrino -> matches=0
[00:07:24] [138/554] Maria J Sullivan -> matches=0
[00:07:24] [139/554] Roderick Miller -> matches=0
[00:07:24] [140/554] Steven Frazier -> matches=0
[00:07:24] [141/554] Peter Rotolo -> matches=0
[00:07:24] [142/554] Renee Reardon -> matches=0
[00:07:24] [143/554] Davis Jean-Louis -> matches=0
[00:07:24] [144/554] Joseph Liegeois -> matches=0
[00:07:24] [145/554] Hector Urena -> matches=0
[00:07:24] [146/554] Mps Pizza Llc -> matches=1 | MPS PIZZA LLC | owner: C/O MOHINDER P. SINGH
[00:07:24] [147/554] City Pizza Development Llc -> matches=1 | CITY PIZZA LLC
[00:07:24] [148/554] 64Th Street Food & Drink Brooklyn Inc. -> matches=1 | 64TH STREET FOOD & DRINK BROOKLYN INC. | owner: WUN MON ENG (RAYMOND)
[00:07:24] [149/554] 9400 Liberty Chicken Llc -> matches=1 | 9400 LIBERTY CHICKEN LLC | owner: NAFEES BUKHARI
[00:07:24] [150/554] 221 Chicken Corp. -> matches=1 | 221 CHICKEN CORP.
[00:07:24] [151/554] 2557 Richmond Chicken Llc -> matches=1 | 2557 RICHMOND CHICKEN LLC | owner: ATHER  MALIK
[00:07:24] [152/554] 2363 Forest Chicken, Llc. -> matches=1 | 2363 FOREST CHICKEN LLC | owner: AYDA A DURRANI
[00:07:24] [153/554] Hylan Blvd Chicken Llc -> matches=1 | HYLAN BLVD CHICKEN LLC | owner: ATHER  MALIK
[00:07:24] [154/554] 42Nd Apple, Llc -> matches=1 | 42ND APPLE, LLC
[00:07:24] [155/554] S.I. Mall Apple, Llc -> matches=1 | S.I. MALL APPLE, L.L.C.
[00:07:24] [156/554] United One Group Llc -> matches=1 | UNITED ONE GROUP LLC | owner: MANJIT SINGH
[00:07:24] [157/554] Ssp America, Inc. -> matches=1 | SSP AMERICA, INC. | owner: MICHAEL SVAGDIS
[00:07:24] [158/554] Pb Wings, Llc -> matches=1 | PB WINGS LLC | owner: PAUL FRANK + COLLINS P.C.
[00:07:24] [159/554] Banta Nine Malls, Llc -> matches=0
[00:07:24] [160/554] Ydk Wings Llc -> matches=1 | YDK WINGS LLC
[00:07:24] [161/554] Vaishav Dev Two Llc -> matches=1 | VAISHAV DEV TWO LLC | owner: NISHIT PATEL
[00:07:24] [162/554] 207 Ram Hanuman Llc -> matches=1 | 207 RAM HANUMAN LLC | owner: Nishit Patel
[00:07:24] [163/554] Woodcliff Wings, Inc. -> matches=1 | WOODCLIFF WINGS, INC. | owner: C/O GARTH LOFBERG
[00:07:24] [164/554] Drum Wings, Inc -> matches=1 | DRUM WINGS, INC. | owner: c/o Garth Lofberg
[00:07:24] [165/554] Kwality Wings, Inc. -> matches=1 | KWALITY WINGS INC. | owner: NEERAJ AHLUWALIA
[00:07:24] [166/554] Wingtopia Llc -> matches=1 | WINGTOPIA LLC | owner: NEERAJ AHLUWALIA
[00:07:24] [167/554] Nhp Wings Llc -> matches=1 | NHP WINGS LLC | owner: Neeraj Ahluwalia
[00:07:24] [168/554] Blaze Wings, Llc -> matches=1 | BLAZE WINGS LLC | owner: Neeraj Ahluwalia
[00:07:24] [169/554] Sauce Wings Llc -> matches=1 | SAUCE WINGS LLC | owner: Neeraj Ahluwalia
[00:07:24] [170/554] Sunandan Mitra -> matches=0
[00:07:24] [171/554] Legacy Wings (Westside) -> matches=1 | LEGACY WINGS LLC
[00:07:24] [172/554] Wood, Greg -> matches=0
[00:07:24] [173/554] Brattner, Shawn -> matches=0
[00:07:24] [174/554] Shah, Rushit -> matches=0
[00:07:24] [175/554] Airmont Rest Ny, Llc -> matches=1 | AIRMONT REST NY, LLC
[00:07:24] [176/554] Astoria Burgers Co., Inc. -> matches=1 | ASTORIA BURGERS CO., INC. | owner: JAY DELLA MONICA
[00:07:24] [177/554] Jsc Attica Llc -> matches=1 | JSC ATTICA, LLC
[00:07:24] [178/554] Your Burgers, Inc -> matches=1 | YOUR BURGERS, INC. | owner: JAY DELLA MONICA
[00:07:24] [179/554] Brennan -> matches=0
[00:07:24] [180/554] Elmhurst Burgers Co. Inc -> matches=1 | ELMHURST BURGERS CO., INC. | owner: JAY DELLA MONICA
[00:07:24] [181/554] 3440 Jerome Avenue Operating, Llc -> matches=1 | 3440 JEROME AVENUE OPERATING, LLC
[00:07:24] [182/554] Bronx Pelham Foods, Inc. -> matches=1 | BRONX PELHAM FOODS INC | owner: SRINIVASA RAO TUMMALAPENTA
[00:07:24] [183/554] 961 Food Corp. -> matches=1 | 961 FOOD CORP. | owner: PARGET SINGH
[00:07:24] [184/554] 971 Flatbush Avenue Operating Corp. -> matches=1 | 971 FLATBUSH AVENUE OPERATING CORP. | owner: JAVAID S SYED
[00:07:24] [185/554] 41725 Fulton Operating Corp -> matches=1 | 41725 FULTON OPERATING CORP | owner: JAVAID SYED
[00:07:24] [186/554] 2848 Burger Corp -> matches=1 | 2848 BURGER CORP.
[00:07:24] [187/554] Brooklyn Bedford Foods Inc. -> matches=1 | BROOKLYN BEDFORD FOODS INC. | owner: SRINIVASA RAO TUMMALAPENTA
[00:07:24] [188/554] Myrtle Lira Llc -> matches=1 | MYRTLE LIRA LLC
[00:07:24] [189/554] Fbf Lira Llc -> matches=1 | FBF LIRA LLC
[00:07:24] [190/554] 522 Fulton Operating Corp -> matches=1 | 522 FULTON OPERATING CORP | owner: JAVAID SYED
[00:07:24] [191/554] 1661 Linden Operating Llc -> matches=1 | 1661 LINDEN OPERATING, LLC
[00:07:24] [192/554] Brooklyn Fifth Avenue Foods Inc. -> matches=1 | BROOKLYN FIFTH AVENUE FOODS INC. | owner: SRINIVASA RAO TUMMALAPENTA
[00:07:24] [193/554] 1297 Fulton Operating Corp -> matches=1 | 1297 FULTON OPERATING CORP | owner: JAVAID SYED
[00:07:24] [194/554] 3301 Fort Hamilton Operating Corp -> matches=1 | 3301 FORT HAMILTON OPERATING CORP | owner: JAVAID SYED
[00:07:24] [195/554] Brooklyn Hillel Foods Inc. -> matches=1 | BROOKLYN HILLEL FOODS INC. | owner: SRINIVASA RAO TUMMALAPENTA
[00:07:24] [196/554] Brooklyn 65 Foods Inc. -> matches=1 | BROOKLYN 65 FOODS INC. | owner: SRINIVASA RAO TUMMALAPENTA
[00:07:24] [197/554] Brooklyn Remsen Foods Inc. -> matches=1 | BROOKLYN REMSEN FOODS INC. | owner: SRINIVASA RAO TUMMALAPENTA
[00:07:24] [198/554] 736 Burger Corp -> matches=1 | 736 BURGER CORP.
[00:07:24] [199/554] Chester Rest Ny, Llc -> matches=1 | CHESTER REST NY, LLC
[00:07:24] [200/554] Jsc Transit Road Llc -> matches=1 | JSC TRANSIT ROAD LLC
[00:07:24] [201/554] Jsc Fairport Llc -> matches=1 | JSC FAIRPORT LLC
[00:07:24] [202/554] Jsc Farmington Svm Operations Llc -> matches=1 | JSC FARMINGTON SVM OPERATIONS, LLC
[00:07:24] [203/554] 144Th St. Burgers Co., Inc. -> matches=1 | 144TH ST. BURGERS CO., INC. | owner: JAY DELLA MONICA
[00:07:24] [204/554] Freeport Burger Co. Inc -> matches=1 | FREEPORT BURGER CO. INC. | owner: JAY DELLA MONICA
[00:07:24] [205/554] Jsc Gates Llc. -> matches=1 | JSC GATES LLC
[00:07:24] [206/554] Goshen Rest. 3282, Llc -> matches=1 | GOSHEN REST. 3282 LLC
[00:07:24] [207/554] Jsc Hamburg Operating Company, Llc -> matches=1 | JSC HAMBURG OPERATING COMPANY, LLC
[00:07:24] [208/554] Highland Rest 3551, Llc -> matches=1 | HIGHLAND REST 3551, LLC
[00:07:24] [209/554] Phoenix Of Dix Hills, Llc -> matches=1 | PHOENIX OF DIX HILLS, LLC
[00:07:24] [210/554] Compass Group Usa, Inc. -> matches=1 | COMPASS GROUP USA, INC. | owner: ADRIAN MEREDITH
[00:07:24] [211/554] Hillside Foods, Inc. -> matches=1 | HILLSIDE FOODS, INC. | owner: LEOPOLDO GARDEN
[00:07:24] [212/554] 547 Food Corp -> matches=1 | 547 FOOD CORP. | owner: PARGET SINGH
[00:07:24] [213/554] Rockaway Blvd. Burgers Co., Inc. -> matches=1 | ROCKAWAY BLVD. BURGERS CO., INC. | owner: JAY DELLA MONICA
[00:07:24] [214/554] Merrick Food Corp. -> matches=1 | MERRICK FOOD CORP.
[00:07:24] [215/554] Scarsdale Burgers Co. Inc. -> matches=1 | SCARSDALE BURGERS CO., INC. | owner: JAY DELLA MONICA
[00:07:24] [216/554] Jgc Le Roy Operating Company, Llc -> matches=1 | JGC LE ROY OPERATING COMPANY, LLC
[00:07:24] [217/554] Liberty Rest. 13136, Llc -> matches=1 | LIBERTY REST. 13136 LLC
[00:07:24] [218/554] Maspeth Burger Co., Inc. -> matches=1 | MASPETH BURGER CO., INC. | owner: C/O CREATIVE FOODSCORP.
[00:07:24] [219/554] Middletown Rest 107, Llc -> matches=1 | MIDDLETOWN REST 107, LLC
[00:07:24] [220/554] Monroe Rest. 2876. Llc -> matches=1 | MONROE REST. 2876 LLC
[00:07:24] [221/554] Cardarelli/Cardarelli -> matches=0
[00:07:24] [222/554] Columbus Ave Fast Food Llc -> matches=1 | COLUMBUS AVE FAST FOOD, LLC
[00:07:24] [223/554] New City Rest 2125, Llc -> matches=1 | NEW CITY REST 2125, LLC
[00:07:24] [224/554] Np Rest 5994, Llc -> matches=1 | NP REST 5994, LLC
[00:07:24] [225/554] New Roc City Fast Food Llc -> matches=1 | NEW ROC CITY FAST FOOD, LLC
[00:07:24] [226/554] 16 Burger Llc -> matches=1 | 16 BURGER CORP.
[00:07:24] [227/554] Nyc Frederick Foods Inc. -> matches=1 | NYC FREDERICK FOODS INC. | owner: SRINIVASA RAO TUMMALAPENTA
[00:07:24] [228/554] 325 Burger Corp -> matches=1 | 325 BURGER CORP.
[00:07:24] [229/554] 200 East 125Th Street Operating, Llc -> matches=1 | 200 EAST 125TH STREET OPERATING, LLC
[00:07:24] [230/554] 146 Burger Corp -> matches=1 | 146 BURGER CORP.
[00:07:24] [231/554] Nyc 116 Bk Qsr Inc -> matches=1 | NYC 116 BK QSR INC | owner: SRINIVASA RAO TUMMALAPENTA
[00:07:24] [232/554] 106 Burger Corp -> matches=1 | 106 BURGER CORP.
[00:07:24] [233/554] Atlantic Lira Llc -> matches=1 | ATLANTIC LIRA LLC
[00:07:24] [234/554] Jsc Penfield Llc. -> matches=1 | JSC PENFIELD LLC
[00:07:24] [235/554] Creative Foods Corp. -> matches=1 | CREATIVE FOODS CORP. | owner: JAY DELLA MONICA
[00:07:24] [236/554] Poughkeepsie Rest Ny, Llc -> matches=1 | POUGHKEEPSIE REST NY, LLC
[00:07:24] [237/554] Roosevelt Food Group Inc. -> matches=1 | ROOSEVELT FOOD GROUP INC. | owner: LEOPOLDO GARDER SR
[00:07:24] [238/554] Woodhaven Burgers Co. , Inc. -> matches=1 | WOODHAVEN BURGERS CO., INC. | owner: JAY DELLA MONICA
[00:07:24] [239/554] Jsc Greeceridgemall, Llc -> matches=1 | JSC GREECERIDGEMALL, LLC
[00:07:24] [240/554] Jsc Mt. Read Blvd, Llc -> matches=1 | JSC MT. READ BLVD LLC
[00:07:24] [241/554] Jsc Humboldt Operating Company Llc -> matches=1 | JSC HUMBOLDT OPERATING COMPANY LLC
[00:07:24] [242/554] Jsc Monroe Llc -> matches=0
[00:07:24] [243/554] Smithtown Restaurant Associates, Llc -> matches=1 | SMITHTOWN RESTAURANT ASSOCIATES LLC
[00:07:24] [244/554] Queens Liberty Foods, Inc. -> matches=1 | QUEENS LIBERTY FOODS INC | owner: SRINIVASA RAO TUMMALAPENTA
[00:07:24] [245/554] Jfm Spring, Llc -> matches=1 | JFM SPRING, LLC
[00:07:24] [246/554] Irmg Burger Of Staten Island, Inc. -> matches=1 | IRMG BURGER OF STATEN ISLAND, INC.
[00:07:24] [247/554] Syed-Rumsey Llc -> matches=1 | SYED-RUMSEY, LLC | owner: JAVAID SYED
[00:07:24] [248/554] Franchise Food Services, Inc. -> matches=1 | FRANCHISE FOOD SERVICES, INC. | owner: WALTER RUMSEY
[00:07:24] [249/554] Jsc Eastview Mall,Llc -> matches=1 | JSC EASTVIEW MALL, LLC
[00:07:24] [250/554] 340 Hempstead Operating Corp -> matches=0
[00:07:24] [251/554] Irmg Burger Of Palisades , Inc -> matches=1 | IRMG BURGER OF PALISADES, INC.
[00:07:24] [252/554] Candu Quick -> matches=0
[00:07:24] [253/554] Applegreen Ny Travel Plazas, Llc -> matches=0
[00:07:24] [254/554] Apkay Corporation -> matches=1 | APKAY CORPORATION | owner: C/O NIDHI PREETI
[00:07:24] [255/554] Chaouki Bouzayene, Xiu Hang Li -> matches=0
[00:07:24] [256/554] 374 Serinatee'S Place Llc -> matches=1 | 374 SERINATEE'S PLACE LLC
[00:07:24] [257/554] Auntiebon786 Corp. -> matches=1 | AUNTIEBON786 CORP.
[00:07:24] [258/554] Cv-Cb 48 Fifth Llc -> matches=1 | CV-CB 48 FIFTH LLC
[00:07:24] [259/554] Eddie'S Ice Cream Corp. -> matches=1 | EDDIE'S ICE CREAM CORP.
[00:07:24] [260/554] J&R Kosher Llc -> matches=1 | J&R KOSHER LLC
[00:07:24] [261/554] Mucklason Enterprise Inc -> matches=1 | MUCKLASON ENTERPRISE INC | owner: MOHAMMAD BILLAH
[00:07:24] [262/554] Deen Sweet Treats, Llc -> matches=1 | DEEN SWEET TREATS, LLC
[00:07:24] [263/554] Jcbons Inc -> matches=1 | JCBONS INC. | owner: Mohammad Faisal Shahzad
[00:07:24] [264/554] Aaron Wood, Andrea Wood-Perez -> matches=0
[00:07:24] [265/554] 664 Eighth Ave 156 Llc -> matches=1 | 664 EIGHTH AVE 156 LLC
[00:07:24] [266/554] Cv-Cb 301 Sixth Llc -> matches=1 | CV-CB 301 SIXTH LLC
[00:07:24] [267/554] Padam Bajaj -> matches=0
[00:07:24] [268/554] Penn Cream Delight Inc. -> matches=1 | PENN CREAM DELIGHT INC. | owner: Ronald Siegel
[00:07:24] [269/554] Sweet 168 Inc. -> matches=1 | SWEET 168 INC.
[00:07:24] [270/554] Take Too Inc. -> matches=1 | TAKE TOO INC.
[00:07:24] [271/554] Ghost Kitchens America Inc. -> matches=1 | GHOST KITCHENS AMERICA INC.
[00:07:24] [272/554] Bc 2017 Corp -> matches=1 | BC 2017 CORP | owner: BISHWAJIT SENGUPTA
[00:07:24] [273/554] Cb Palisades Llc -> matches=1 | CB PALISADES LLC
[00:07:24] [274/554] Lesly Richard -> matches=0
[00:07:24] [275/554] Md Sazdar Rahman -> matches=0
[00:07:24] [276/554] Ts Management 10 Llc -> matches=1 | TS MANAGEMENT 10 LLC | owner: Hochheiser & Akmal PLLC
[00:07:24] [277/554] 2 Sweet Of Yonkers Inc. -> matches=1 | 2 SWEET OF YONKERS INC. | owner: OM P BHATHIJA
[00:07:24] [278/554] M. Nassa Enterprise, Inc. -> matches=1 | M. NASSA ENTERPRISE, INC. | owner: c/o the corporation
[00:07:24] [279/554] Steven Hidary -> matches=0
[00:07:24] [280/554] Wilson Castillo, Jake Williams -> matches=0
[00:07:24] [281/554] Niagara Falls Dessert House Llc -> matches=1 | NIAGARA FALLS DESSERT HOUSE LLC | owner: MUHAMMAD SHOAIB
[00:07:24] [282/554] Romesha Balkumar -> matches=0
[00:07:24] [283/554] Bhatzlacha 770 Llc -> matches=1 | BHATZLACHA 770 LLC | owner: STEWART STERNBACH
[00:07:24] [284/554] Jalak Enterprises Inc -> matches=1 | JALAK ENTERPRISES, INC. | owner: PAMELA S STARK
[00:07:24] [285/554] Grl Enterprises Llc -> matches=1 | GRL ENTERPRISES, LLC | owner: STEVEN K. LONG, ESQ.
[00:07:24] [286/554] Tangen Dairy Products Inc -> matches=1 | TANGEN DAIRY PRODUCTS, INC. | owner: JAN KOMANSKI
[00:07:24] [287/554] Pork Chop Inc -> matches=1 | PORK CHOP, INC. | owner: WILLIAM K. ROESCH, JR.
[00:07:24] [288/554] 716 Dilly Inc -> matches=1 | 716 DILLY, INC. | owner: ERIC GAWRON
[00:07:24] [289/554] Depew Dairy Queen Inc -> matches=1 | DEPEW DAIRY QUEEN, INC. | owner: CAROL L. HUBER
[00:07:24] [290/554] Gawron Group Inc -> matches=1 | GAWRON GROUP, INC | owner: ERIC J GAWRON
[00:07:24] [291/554] Dawner Enterprises Ltd -> matches=1 | DAWNER ENTERPRISES LTD. | owner: CHARLES J. LAZARONY JR
[00:07:24] [292/554] Jk Collins Foods Llc -> matches=1 | JK COLLINS FOODS LLC
[00:07:24] [293/554] Jnd Sweets Inc -> matches=0
[00:07:24] [294/554] Schmelzle, Mona L -> matches=0
[00:07:24] [295/554] Goodhue Group Soft Serv Inc -> matches=1 | GOODHUE GROUP, SOFT SERV, INC. | owner: CLYDE GOODHUE
[00:07:24] [296/554] Mapjr Inc -> matches=1 | MAPJR INC.
[00:07:24] [297/554] Trav-Nic Corp Ltd -> matches=1 | TRAV-NIC CORP., LTD. | owner: TRAVIS SPERRAZZA
[00:07:24] [298/554] Transit Treats Inc -> matches=1 | TRANSIT TREATS INC.
[00:07:24] [299/554] Audrey Guthrie Inc -> matches=1 | AUDREY GUTHRIE, INC. | owner: GAIL CRABTREE
[00:07:24] [300/554] The East Northport Treat Company Llc -> matches=1 | THE EAST NORTHPORT TREAT COMPANY, LLC | owner: LAURA MAIER
[00:07:24] [301/554] Dnj Management Llc -> matches=1 | DNJ MANAGEMENT LLC | owner: DAMON DRAUGHT
[00:07:24] [302/554] Mjs Food Services Llc -> matches=1 | MJS FOOD SERVICES, LLC
[00:07:24] [303/554] Miway Food Corporation -> matches=1 | MIWAY FOOD CORP. | owner: JONATHAN S. MAEDER
[00:07:24] [304/554] Three Treats Llc -> matches=1 | THREE TREATS, LLC
[00:07:24] [305/554] Icqli Llc -> matches=1 | ICQLI LLC | owner: LAURA MAIER
[00:07:24] [306/554] D & M Food Company -> matches=1 | D & M CORP. | owner: FRANK DEVITA
[00:07:24] [307/554] Stp Hospitality Network Inc -> matches=1 | STP HOSPITALITY NETWORK, INC. | owner: AMEED BATHIJA
[00:07:24] [308/554] Michpat & Fam Llc -> matches=1 | MICHPAT & FAM, LLC | owner: MICHELLE ROBEY
[00:07:24] [309/554] Dev Fast Food Inc -> matches=1 | DEV FAST FOOD INC. | owner: NITABEN PATEL
[00:07:24] [310/554] Palmeri'S & Son Inc -> matches=1 | PALMERI'S & SON, INC. | owner: MICHAEL A PALMERI SR
[00:07:24] [311/554] Musabbirrifa Llc -> matches=0
[00:07:24] [312/554] Gallo, Louis / Gallo, John -> matches=0
[00:07:24] [313/554] Rahman, Hafizur -> matches=0
[00:07:24] [314/554] Ahmed, Md Shueb -> matches=0
[00:07:24] [315/554] Baldwin, Adam -> matches=0
[00:07:24] [316/554] De Busk, Larry -> matches=0
[00:07:24] [317/554] Ar Burgers Llc (Atul Singh) -> matches=1 | AR BURGERS LLC
[00:07:24] [318/554] Larchmont Pancake House, Inc. -> matches=1 | LARCHMONT PANCAKE HOUSE, INC. | owner: PORTIA DEGAST
[00:07:24] [319/554] Mave Corp. -> matches=1 | MAVE CORP. | owner: VICTOR ARTIEDA
[00:07:24] [320/554] Pancake Pack Corp -> matches=1 | PANCAKE PACK CORP.
[00:07:24] [321/554] Vb Stacks, Llc -> matches=1 | VB STACKS, LLC
[00:07:24] [322/554] Victoria Food Llc -> matches=1 | VICTORIA FOOD LLC
[00:07:24] [323/554] Di-Hop Corp. -> matches=1 | DI-HOP CORP. | owner: DOMINICK CONTI
[00:07:24] [324/554] Bay Shore Food Corp. -> matches=1 | BAY SHORE FOOD CORP. | owner: DOMINICK CONTI
[00:07:24] [325/554] Ozerovsky'S Family Enterprise, Inc. -> matches=1 | OZEROVSKY'S FAMILY ENTERPRISE, INC.
[00:07:24] [326/554] Bren-Hop, Corp. -> matches=1 | BREN-HOP CORP. | owner: THEODORE YAGNISIS
[00:07:24] [327/554] Richie'S H.O.P., Inc. -> matches=1 | RICHIE'S H.O.P., INC. | owner: BERNARDO DE JESUS
[00:07:24] [328/554] Mike'S Hop, Inc. -> matches=1 | MIKE'S HOP, INC. | owner: DE JESUS BERHARDO
[00:07:24] [329/554] Trihop 14Th Street Llc -> matches=1 | TRIHOP 14TH STREET LLC
[00:07:24] [330/554] Forty Six Nineteen Company, Inc. -> matches=1 | FORTY SIX NINETEEN COMPANY, INC. | owner: RICHARD SANDNES
[00:07:24] [331/554] Bronx Pancakes, Inc. -> matches=1 | BRONX PANCAKES, INC. | owner: MARK JUSTICE
[00:07:24] [332/554] Kimcnefood, Llc -> matches=1 | KIMCNEFOOD, LLC
[00:07:24] [333/554] Us Restaurants Inc -> matches=1 | US RESTAURANTS INC | owner: KAMAL RAZA
[00:07:24] [334/554] Fast Casual Restaurants Inc. -> matches=1 | FAST CASUAL RESTAURANTS INC | owner: KAMAL RAZA
[00:07:24] [335/554] Mr Cakes Llc -> matches=1 | MR CAKES LLC
[00:07:24] [336/554] Cross Bronx Full Circle, Inc. -> matches=1 | CROSS BRONX FULL CIRCLE, INC. | owner: DOMENICO BROCCOLI
[00:07:24] [337/554] Dm2Pancakes, Inc. -> matches=1 | DM2PANCAKES, INC.
[00:07:24] [338/554] Fordham Flapjacks Inc. -> matches=1 | FORDHAM FLAPJACKS INC.
[00:07:24] [339/554] 817 Allerton Incorporated -> matches=1 | 817 ALLERTON INCORPORATED | owner: DOMENICO BROCCOLI
[00:07:24] [340/554] Broccoli, Domenico -> matches=0
[00:07:24] [341/554] Pancakes Of Coney Island Llc -> matches=1 | PANCAKES OF CONEY ISLAND LLC
[00:07:24] [342/554] Faculty-Student Association Of State University Of New York  -> matches=1 | FACULTY-STUDENT ASSOCIATION OF STATE UNIVERSITY OF
[00:07:24] [343/554] Jj Roosevelt, Llc -> matches=1 | JJ ROOSEVELT LLC
[00:07:24] [344/554] Air Ventures Lga, Llc -> matches=1 | AIR VENTURES LGA, LLC | owner: C T CORPORATION SYSTEM
[00:07:24] [345/554] Ssp America, Inc. -> matches=1 | SSP AMERICA, INC. | owner: MICHAEL SVAGDIS
[00:07:24] [346/554] Smoothie 1224, Llc -> matches=1 | SMOOTHIE 1224 LLC
[00:07:24] [347/554] Jj Port Llc -> matches=1 | JJ PORT LLC | owner: ALTAF ISANI
[00:07:24] [348/554] Global Food Concepts, Llc -> matches=1 | GLOBAL FOOD CONCEPTS LLC | owner: ZAHRA ISANI
[00:07:24] [349/554] United Group Retail Llc -> matches=1 | UNITED RETAIL INCORPORATED | owner: DAWN ROBERTSON
[00:07:24] [350/554] Laguardia Usa, Llc -> matches=1 | LAGUARDIA USA, LLC
[00:07:24] [351/554] Rainbow Sweet Cravings Llc -> matches=1 | RAINBOW SWEET CRAVINGS LLC | owner: MUHAMMAD SHOAIB
[00:07:24] [352/554] Surya Brands, Llc -> matches=1 | SURYA BRANDS, LLC
[00:07:24] [353/554] Swati Gupta-Enriquez, Kanupriya Gupta -> matches=0
[00:07:24] [354/554] Green Caboose, Llc -> matches=1 | GREEN CABOOSE LLC
[00:07:24] [355/554] Bronx Melrose Foods Inc. -> matches=1 | BRONX MELROSE FOODS INC. | owner: SRINIVASA RAO TUMMALAPENTA
[00:07:24] [356/554] Red Caboose 8720, Llc -> matches=1 | RED CABOOSE, LLC
[00:07:24] [357/554] Ark Jj1 Llc -> matches=1 | ARK JJ1 LLC
[00:07:24] [358/554] M&R Concessions, Llc -> matches=1 | M & R CONCESSIONS LLC | owner: MONISHA SINGLA
[00:07:24] [359/554] Nyc Gotham Foods Inc. -> matches=1 | NYC GOTHAM FOODS INC. | owner: SRINIVASA RAO TUMMALAPENTA
[00:07:24] [360/554] Legacy J Qsr, Llc -> matches=1 | LEGACY J QSR LLC | owner: JOUMANA LOLLOBRIGIDA
[00:07:24] [361/554] Mcquaid Sandwiches Llc -> matches=1 | MCQUAID SANDWICHES LLC | owner: Jonathan Garman
[00:07:24] [362/554] Carpe Iv, Llc -> matches=1 | CARPE IV, LLC | owner: MICHAEL BELZ
[00:07:24] [363/554] Lash, James -> matches=0
[00:07:24] [364/554] Henry, Brendan -> matches=0
[00:07:24] [365/554] Polizotto, Jeff -> matches=0
[00:07:24] [366/554] Patel, Manish -> matches=0
[00:07:24] [367/554] Kotes Foods, Llc -> matches=1 | KOTES FOODS, LLC
[00:07:24] [368/554] Ksk 786 Inc. -> matches=1 | KSK 786 INC. | owner: AMNA KIRMANI
[00:07:24] [369/554] Kfc Of Cobleskill, Llc -> matches=1 | KFC OF COBLESKILL LLC
[00:07:24] [370/554] Indus Tbny, Inc. -> matches=1 | INDUS TBNY, INC. | owner: BHOOPINDER MEHTA
[00:07:24] [371/554] Kotes North Llc -> matches=1 | KOTES NORTH LLC
[00:07:24] [372/554] Kfc Of Johnstown, Inc. -> matches=1 | KFC OF JOHNSTOWN, INC. | owner: ALEXANDER ROSENBLUM
[00:07:24] [373/554] Kfc Of Malta Llc -> matches=1 | KFC OF MALTA LLC
[00:07:24] [374/554] Kotes Of Third Ave Llc -> matches=1 | KOTES OF THIRD AVE LLC
[00:07:24] [375/554] A. Cavegn, Inc. -> matches=1 | A. CAVEGN, INC. | owner: ALEXANDER CAVEGN
[00:07:24] [376/554] Sanjiv (Sam) Chand -> matches=0
[00:07:24] [377/554] Kotes Of Lennox Llc -> matches=1 | KOTES OF LENNOX LLC
[00:07:24] [378/554] Kin-Blum, Inc. -> matches=1 | KIN-BLUM, INC. | owner: ALAN ROSENBLUM
[00:07:24] [379/554] Kotes Of Pawling Llc -> matches=1 | KOTES OF PAWLING LLC
[00:07:24] [380/554] Kotes Of Port Jervis, Llc -> matches=1 | KOTES OF PORT JERVIS LLC
[00:07:24] [381/554] Kfc Of Utica, Llc -> matches=1 | KFC OF UTICA, LLC | owner: ALEXANDER ROSENBLUM
[00:07:24] [382/554] Lucky 1 Holdings, Inc. -> matches=1 | LUCKY 1 HOLDINGS, INC. | owner: C/O MANIATIS DIMOPOULOS & LOMBARDI LLP
[00:07:24] [383/554] Kotes Of Queens Llc -> matches=1 | KOTES OF QUEENS LLC
[00:07:24] [384/554] Advanced Kotes, Llc -> matches=1 | ADVANCED KOTES, LLC
[00:07:24] [385/554] Divine Anju, Llc -> matches=1 | DIVINE ANJU, LLC
[00:07:24] [386/554] 0233-0019 -> matches=0
[00:07:24] [387/554] 1211-0002 -> matches=0
[00:07:24] [388/554] 1211-0003 -> matches=0
[00:07:24] [389/554] 1219-0004 -> matches=0
[00:07:24] [390/554] 1219-0005 -> matches=0
[00:07:24] [391/554] 1552-0002 -> matches=0
[00:07:24] [392/554] 1552-0003 -> matches=0
[00:07:24] [393/554] 1552-0004 -> matches=0
[00:07:24] [394/554] 1552-0005 -> matches=0
[00:07:24] [395/554] 1570-0001 -> matches=0
[00:07:24] [396/554] 1570-0002 -> matches=0
[00:07:24] [397/554] 1570-0003 -> matches=0
[00:07:24] [398/554] 1570-0004 -> matches=0
[00:07:24] [399/554] 1573-0003 -> matches=0
[00:07:24] [400/554] 1573-0004 -> matches=0
[00:07:24] [401/554] 1573-0005 -> matches=0
[00:07:24] [402/554] 1906-0001 -> matches=0
[00:07:24] [403/554] Jmhem Corp. -> matches=1 | JMHEM CORP. | owner: JOHANNY RAMIREZ
[00:07:24] [404/554] Maria Kaufman -> matches=0
[00:07:24] [405/554] Paolo A Solimeo -> matches=0
[00:07:24] [406/554] Julian Barsamian-Moncrief -> matches=0
[00:07:24] [407/554] Est Of Peter K Hunt -> matches=0
[00:07:24] [408/554] Christopher A Norman -> matches=0
[00:07:24] [409/554] David P Singelyn -> matches=1 | DAVID P INCORPORATED | owner: DIMITRIY PALKIN
[00:07:24] [410/554] Marianne Spillane -> matches=0
[00:07:24] [411/554] Sandra J Haefner -> matches=0
[00:07:24] [412/554] Patrick C Miller -> matches=0
[00:07:24] [413/554] Ronald Fithen -> matches=0
[00:07:24] [414/554] Michael Anderer -> matches=0
[00:07:24] [415/554] Nancy Wilkes -> matches=0
[00:07:24] [416/554] Clark Brink -> matches=0
[00:07:24] [417/554] Paul Ross -> matches=0
[00:07:24] [418/554] Huntington Pizza Llc -> matches=1 | HUNTINGTON PIZZA LLC
[00:07:24] [419/554] Middle Island Pizza Llc -> matches=1 | MIDDLE ISLAND PIZZA LLC
[00:07:24] [420/554] Patchogue Pizza, Llc -> matches=1 | PATCHOGUE PIZZA LLC
[00:07:24] [421/554] Shirley Pizza, Llc -> matches=1 | SHIRLEY PIZZA LLC
[00:07:24] [422/554] Mafj Bronx Donuts Llc -> matches=1 | MAFJ BRONX DONUTS LLC
[00:07:24] [423/554] Knc Holdings, Inc. -> matches=1 | KNC HOLDINGS, INC. | owner: CHRISTIAN P KING
[00:07:24] [424/554] Jcsk Corp. -> matches=1 | JCSK CORP.
[00:07:24] [425/554] Taco And Pizza Inc. -> matches=1 | TACO AND PIZZA INC. | owner: KAMAL RAZA
[00:07:24] [426/554] 1601 Jamaica Llc -> matches=1 | 1601 JAMAICA LLC | owner: C/O FRED ROTH
[00:07:24] [427/554] Albany Chicken Llc -> matches=1 | ALBANY CHICKEN, LLC | owner: ASHISH PARIKH
[00:07:24] [428/554] 2226 Astoria Chicken Llc -> matches=1 | 2226 ASTORIA CHICKEN LLC | owner: ALI BUTT
[00:07:24] [429/554] 48 Street Food Corp -> matches=1 | 48 STREET FOOD CORP. | owner: MOHAMMAD CHOUDRY
[00:07:24] [430/554] South Shore'S Favorite Chicken, Llc -> matches=1 | SOUTH SHORE'S FAVORITE CHICKEN, LLC | owner: ASHISH PARIKH
[00:07:24] [431/554] Your Chicken Co, Inc. -> matches=1 | YOUR CHICKEN CO INC.
[00:07:24] [432/554] Brentwood Chicken Llc -> matches=1 | BRENTWOOD CHICKEN, LLC | owner: ASHISH PARIKH
[00:07:24] [433/554] 1769 Jerome Chicken Llc -> matches=1 | 1769 JEROME CHICKEN LLC
[00:07:24] [434/554] 1905 Story Operating Corp. -> matches=1 | 1905 STORY OPERATING CORP. | owner: JAY SYED
[00:07:24] [435/554] 2174 White Plains Operating, Llc -> matches=1 | 2174 WHITE PLAINS OPERATING, LLC
[00:07:24] [436/554] 2690 Chicken Corp -> matches=1 | 2690 CHICKEN CORP.
[00:07:24] [437/554] 2751 Boston Operating Corp. -> matches=1 | 2751 BOSTON OPERATING CORP. | owner: JAY SYED
[00:07:24] [438/554] 3411 Jerome Ave Corp -> matches=1 | 3411 JEROME AVE CORP | owner: NAFEES BUKHARI
[00:07:24] [439/554] 3555 White Plains Bg Llc -> matches=1 | 3555 WHITE PLAINS BG LLC | owner: NAFEES BUKHARI
[00:07:24] [440/554] 4399 Bronx Chicken, Llc -> matches=1 | 4399 BRONX CHICKEN LLC | owner: ALI BUTT
[00:07:24] [441/554] Bay Plaza Chicken Llc -> matches=1 | BAY PLAZA CHICKEN LLC | owner: DINESH GOSWAMI
[00:07:24] [442/554] Baychester Chicken Bg Llc -> matches=1 | BAYCHESTER CHICKEN BG LLC | owner: NAFEES BUKHARI
[00:07:24] [443/554] Boston Post Rd Chicken Co. Inc -> matches=1 | BOSTON POST RD CHICKEN CO. INC | owner: C/O CREATIVE FOODSCORP.
[00:07:24] [444/554] Bruckner Chicken, Llc -> matches=1 | BRUCKNER CHICKEN, LLC | owner: JAVAID SYED
[00:07:24] [445/554] Coney Food Of Ny Llc -> matches=1 | CONEY FOOD OF NY LLC | owner: NAFEES BUKHARI
[00:07:24] [446/554] Nargis Food Corp. -> matches=1 | NARGIS FOOD CORP.
[00:07:24] [447/554] Unique Chicken Food Corp. -> matches=1 | UNIQUE CHICKEN FOOD CORP. | owner: ASMATULLAH TOKHIE
[00:07:24] [448/554] 1101 Rutland Road Chicken, Llc. -> matches=1 | 1101 RUTLAND ROAD CHICKEN LLC
[00:07:24] [449/554] 1153 Fulton St Bg, Llc -> matches=1 | 1153 FULTON ST BG LLC | owner: NAFEES BUKHARI
[00:07:24] [450/554] 1159 Utica Chicken Llc -> matches=1 | 1159 UTICA CHICKEN LLC
[00:07:24] [451/554] 1316 Broadway Chicken Corp -> matches=1 | 1316 BROADWAY CHICKEN CORP.
[00:07:24] [452/554] 137 Nasary Food Corp. -> matches=1 | 137 NASARY FOOD CORP. | owner: BARI NASARY
[00:07:24] [453/554] 1422 Fulton Chicken Llc -> matches=1 | 1422 FULTON CHICKEN LLC | owner: NAFEES BUKHARI
[00:07:24] [454/554] 1556 Premier Chicken Corp. -> matches=1 | 1556 PREMIER CHICKEN CORP.
[00:07:24] [455/554] 2102 Ralph Chicken Llc -> matches=1 | 2102 RALPH CHICKEN LLC
[00:07:24] [456/554] 275 Broadway Corp -> matches=1 | 275 BROADWAY CORP.
[00:07:24] [457/554] 3342 Fulton Chicken Llc -> matches=1 | 3342 FULTON CHICKEN LLC
[00:07:24] [458/554] 5100 Kings Llc -> matches=1 | 5100 KINGS LLC
[00:07:24] [459/554] 520 Clarkson Chicken Llc -> matches=1 | 520 CLARKSON CHICKEN LLC | owner: NAFEES BUKHARI
[00:07:24] [460/554] 712 Brooklyn Broadway Corp. -> matches=1 | 712 BROOKLYN BROADWAY CORP.
[00:07:24] [461/554] 736 Linden Chicken Llc -> matches=1 | 736 LINDEN CHICKEN LLC | owner: NAFEES BUKHARI
[00:07:24] [462/554] 760 New Lots Chicken, Llc -> matches=1 | 760 NEW LOTS CHICKEN LLC | owner: ALI BUTT
[00:07:24] [463/554] 8221 Flatlands Chicken Llc -> matches=1 | 8221 FLATLANDS CHICKEN LLC | owner: NAFEES BUKHARI
[00:07:24] [464/554] 850 Pennsylvania Ave Chicken Inc. -> matches=1 | 850 PENNSYLVANIA AVE CHICKEN INC.
[00:07:24] [465/554] Aaa Food Services, Llc -> matches=1 | AAA FOOD SERVICES LLC | owner: ZEYAD FARR  & KHALED HAJAHMED
[00:07:24] [466/554] Afb Food Corp. -> matches=1 | AFB FOOD CORP.
[00:07:24] [467/554] Best Chicken Enterprise Inc. -> matches=1 | BEST CHICKEN ENTERPRISE INC.
[00:07:24] [468/554] Crispy Food Corp. -> matches=1 | CRISPY FOOD CORP | owner: AHMADULLAH TOKHI
[00:07:24] [469/554] Global Chicken Corp -> matches=1 | GLOBAL CHICKEN CORP. | owner: GLOBAL CHICKEN CORP
[00:07:24] [470/554] Lr 918 Food Corp Llc. -> matches=1 | LR 918 FOOD CORP | owner: PARGET SINGH
[00:07:24] [471/554] Mermaid Chicken, Llc -> matches=1 | MERMAID CHICKEN LLC
[00:07:24] [472/554] Nostrand Ave Chicken, Llc -> matches=1 | NOSTRAND AVE CHICKEN, LLC | owner: NAFEES BUKHARI
[00:07:24] [473/554] Oscars Chicken Corp -> matches=1 | OSCARS CHICKEN CORP. | owner: VERONICA NASARY
[00:07:24] [474/554] Rockaway Parkway Chicken, Llc -> matches=1 | ROCKAWAY PARKWAY CHICKEN, LLC | owner: NAFEES BUKHARI
[00:07:24] [475/554] Sunshine Food Corp -> matches=1 | SUNSHINE FOOD CORP | owner: ASMATULLAH TOKHIE
[00:07:24] [476/554] Value Chicken Inc. -> matches=1 | VALUE CHICKEN INC. | owner: RAFIQ MAJEED
[00:07:24] [477/554] Zezo Food Services Llc -> matches=1 | ZEZO FOOD SERVICES LLC | owner: ZEYAD FARR & KHALED HAJAHMED
[00:07:24] [478/554] Central Islip Chicken Llc -> matches=1 | CENTRAL ISLIP CHICKEN, LLC | owner: ASHISH PARIKH
[00:07:24] [479/554] Woodburry Chicken, Llc -> matches=0
[00:07:24] [480/554] 3497 Chicken Corp -> matches=1 | 3497 CHICKEN CORP.
[00:07:24] [481/554] 57Th Ave Chicken Corp. -> matches=1 | 57TH AVE CHICKEN CORP | owner: ZEB ALI
[00:07:24] [482/554] Roosevelt Ave Chicken Corp -> matches=1 | ROOSEVELT AVE CHICKEN CORP | owner: ZEB ALI
[00:07:24] [483/554] Deer Park Chicken Corp -> matches=1 | DEER PARK CHICKEN CORP.
[00:07:24] [484/554] 4890 Chicken Corp -> matches=1 | 4890 CHICKEN CORP.
[00:07:24] [485/554] Astoria Chicken, Inc. -> matches=1 | ASTORIA CHICKEN CORP. | owner: LALMIR SULTANZADA
[00:07:24] [486/554] Bright Venture Groups Llc -> matches=1 | BRIGHT VENTURE GROUPS LLC
[00:07:24] [487/554] Elmsford Chicken, Llc. -> matches=1 | ELMSFORD CHICKEN, LLC | owner: ASHISH PARIKH
[00:07:24] [488/554] 171-50 Northern Chicken, Llc. -> matches=1 | 171-50 NORTHERN CHICKEN LLC | owner: ALI BUTT
[00:07:24] [489/554] 70-09 Parsons Chicken Llc -> matches=1 | 70-09 PARSONS CHICKEN LLC | owner: ALI BUTT
[00:07:24] [490/554] Pop Of Roosevelt Field, Inc. -> matches=1 | POP OF ROOSEVELT FIELD, INC.
[00:07:24] [491/554] 8324 Woodhaven Chicken Llc. -> matches=1 | 8324 WOODHAVEN CHICKEN LLC
[00:07:24] [492/554] Haverstraw Chicken Llc -> matches=1 | HAVERSTRAW CHICKEN, LLC | owner: ASHISH PARIKH
[00:07:24] [493/554] 780 Fulton Chicken Corp. -> matches=1 | 780 FULTON CHICKEN CORP. | owner: LALMIR SULTANZADA
[00:07:24] [494/554] Lal Chicken Corp. -> matches=1 | LAL CHICKEN CORP.
[00:07:24] [495/554] Huntington Chicken, Llc -> matches=1 | HUNTINGTON CHICKEN, LLC | owner: ASHISH PARIKH
[00:07:24] [496/554] Best Food World Inc. -> matches=1 | BEST FOOD WORLD INC. | owner: C/O STANLEY LAM & JOHNNY WU
[00:07:24] [497/554] Genting New York Llc -> matches=1 | GENTING NEW YORK LLC
[00:07:24] [498/554] Mt. Vernon Chicken, Llc -> matches=1 | MT. VERNON CHICKEN, LLC | owner: ASHISH PARIKH
[00:07:24] [499/554] United 200 Llc -> matches=1 | UNITED 200 LLC | owner: VIJAY GHEI
[00:07:24] [500/554] New Rochelle Chicken, Llc -> matches=1 | NEW ROCHELLE CHICKEN, LLC | owner: ASHISH PARIKH
[00:07:24] [501/554] New Windsor Chicken, Llc -> matches=1 | NEW WINDSOR CHICKEN, LLC | owner: AMISH PARIKH
[00:07:24] [502/554] 101 Delancy Chicken Corp. -> matches=1 | 101 DELANCY CHICKEN CORP.
[00:07:24] [503/554] 111 Fulton Chicken Llc -> matches=1 | 111 FULTON CHICKEN LLC | owner: ALI BUTT
[00:07:24] [504/554] 1243 Chicken Corp. -> matches=1 | 1243 CHICKEN CORP. | owner: LALMIR SULTANZADA
[00:07:24] [505/554] 125 Canal, Inc. -> matches=1 | 125 CANAL INC.
[00:07:24] [506/554] 135 Chicken Corp. -> matches=1 | 135 CHICKEN CORP. | owner: LALMIR SULTANZADA
[00:07:24] [507/554] 14 East 23Rd Chicken, Llc -> matches=1 | 14 EAST 23RD CHICKEN LLC | owner: ALI BUTT
[00:07:24] [508/554] 1411 Chicken, Corp. -> matches=1 | 1411 CHICKEN CORP.
[00:07:24] [509/554] 145Th St. Ice Cream, Inc. -> matches=1 | 145TH ST. ICE CREAM INC. | owner: LALMIR SULTANZADA
[00:07:24] [510/554] 1530 Broadway Chicken Llc -> matches=1 | 1530 BROADWAY CHICKEN LLC | owner: ALI BUTT
[00:07:24] [511/554] 305 Sixth Chicken Llc -> matches=1 | 305 SIXTH CHICKEN LLC | owner: ALI BUTT
[00:07:24] [512/554] 34 E 14Th Chicken Llc -> matches=1 | 34 E 14TH CHICKEN LLC | owner: ALI BUTT
[00:07:24] [513/554] 39 1St Ave Chicken Llc -> matches=1 | 39 1ST AVE CHICKEN LLC | owner: NAFEES BUKHARI
[00:07:24] [514/554] 40Th Street Chicken Llc -> matches=1 | 40TH STREET CHICKEN LLC | owner: ALI BUTT
[00:07:24] [515/554] 444 E 14Th Chicken Llc -> matches=0
[00:07:24] [516/554] 934 Eighth Chicken Llc -> matches=1 | 934 EIGHTH CHICKEN LLC
[00:07:24] [517/554] 95 Broadway Food, Llc -> matches=1 | 95 BROADWAY FOOD LLC
[00:07:24] [518/554] Dtt Food Inc. -> matches=1 | DTT FOOD INC. | owner: DAN DANG
[00:07:24] [519/554] Lr 1572 Food, Llc -> matches=1 | LR 1572 FOOD LLC | owner: PARGET SINGH
[00:07:24] [520/554] Mersal Food Corp. -> matches=1 | MERSAL FOOD CORP.
[00:07:24] [521/554] Midtown Food 23Rd, Llc -> matches=1 | MIDTOWN FOOD 23RD LLC | owner: CHANG XUN ZOU
[00:07:24] [522/554] Mill-Pine Plaza Chicken Corp -> matches=1 | MILL-PINE PLAZA CHICKEN CORP.
[00:07:24] [523/554] 142 Chicken Corp. -> matches=1 | 142 CHICKEN CORP. | owner: LALMIR SULTANZADA
[00:07:24] [524/554] Patchogue Chicken, Llc -> matches=1 | PATCHOGUE CHICKEN, LLC | owner: ASHISH PARIKH
[00:07:24] [525/554] M&G Boston Post Road Corp. -> matches=1 | M&G BOSTON POST ROAD CORP. | owner: ZEB ALI/MOHAMMAD CHOUDRY
[00:07:24] [526/554] Poughkeepsie Chicken, Llc -> matches=1 | POUGHKEEPSIE CHICKEN, LLC | owner: ASHISH PARIKH
[00:07:24] [527/554] 21903 N Conduit Chicken Llc -> matches=1 | 21903 N CONDUIT CHICKEN LLC | owner: NAFEES BUKHARI
[00:07:24] [528/554] Atlantic 107 Chicken Llc -> matches=1 | ATLANTIC 107 CHICKEN LLC | owner: NAFEES BUKHARI
[00:07:24] [529/554] Far Rock Chicken Llc -> matches=1 | FAR ROCK CHICKEN LLC
[00:07:24] [530/554] Jamaica Fast Food Operators, Inc. -> matches=1 | JAMAICA FAST FOOD OPERATORS, INC.
[00:07:24] [531/554] Rego Park Chicken Llc -> matches=1 | REGO PARK CHICKEN LLC | owner: DINESH GOSWAMI
[00:07:24] [532/554] Fresh Pond Food Services, Llc -> matches=1 | FRESH POND FOOD LLC | owner: KHALED HAJAHMED - ZEYAD FARR
[00:07:24] [533/554] Riverhead Chicken, Llc. -> matches=1 | RIVERHEAD CHICKEN, LLC | owner: ASHISH PARIKH
[00:07:24] [534/554] J P Chicken Corp. -> matches=1 | J P CHICKEN CORP.
[00:07:24] [535/554] Farmers Chicken Corp -> matches=0
[00:07:24] [536/554] Sunrise Food Corp. -> matches=1 | SUNRISE FOOD CORP. | owner: ASMATULLAH TOKHIE
[00:07:24] [537/554] Svz Llc -> matches=1 | SVZ LLC | owner: ASIM CHAUDHRY
[00:07:24] [538/554] 158 Page Ave Chicken, Llc -> matches=1 | 158 PAGE AVE CHICKEN LLC | owner: ATHER  MALIK
[00:07:24] [539/554] Bg Nyc Mgmt Llc -> matches=1 | BG NYC MGMT LLC
[00:07:24] [540/554] Culinart, Inc. -> matches=1 | CULINART, INC. | owner: THOMAS EICH
[00:07:24] [541/554] Pop Of Destiny, Inc. -> matches=1 | POP OF DESTINY, INC.
[00:07:24] [542/554] Tremont Chicken Bg Llc -> matches=1 | TREMONT CHICKEN BG LLC
[00:07:24] [543/554] Wappingers Chicken Llc -> matches=0
[00:07:24] [544/554] West Babylon Chicken Llc. -> matches=1 | WEST BABYLON CHICKEN LLC | owner: ASHISH PARIKH
[00:07:24] [545/554] 410 Hempstead Chicken Llc -> matches=1 | 410 HEMPSTEAD CHICKEN LLC
[00:07:24] [546/554] Palisades Favorite Chicken Llc -> matches=1 | PALISADES FAVORITE CHICKEN LLC | owner: SHAHID J HASHMI
[00:07:24] [547/554] 9220 Jamaica Ave Llc -> matches=1 | 9220 JAMAICA AVE LLC
[00:07:24] [548/554] Yonkers Chicken Llc -> matches=1 | YONKERS CHICKEN, LLC | owner: ASHISH PARIKH
[00:07:24] [549/554] Avs Foods, Inc. -> matches=1 | AVS FOODS, INC | owner: ALKA GHEI
[00:07:24] [550/554] 1630 Food Corp. -> matches=1 | 1630 FOOD CORP. | owner: C/O THE CORPORATION
[00:07:24] [551/554] 352-354 Myrtle Ave Corp -> matches=1 | 352-354 MYRTLE AVE CORP. | owner: C/O THE CORPORATION
[00:07:24] [552/554] 4930 Kings Highway Corp. -> matches=1 | 4930 KINGS HIGHWAY CORP. | owner: RAHMAN HASHIMI
[00:07:24] [553/554] 120-32 Queens Corp -> matches=1 | 120-32 QUEENS CORP.
[00:07:24] [554/554] 3289 Westchester Avenue Corp -> matches=1 | 3289 WESTCHESTER AVENUE CORP. | owner: C/O THE CORPORATION
[00:07:24] Match phase done: processed=554, skipped=0
[00:07:24] Running cross-row analysis ...
[00:07:24] Rescored 554 rows.
[00:07:24] Output: D:\PBX Code\MUF Database Builder\nova-abm-enrichment\states\ny\output\enriched.csv
