[13:30:13] Run started — input=states/tx/input/franchisees.csv, output=states/tx/output/enriched.csv, show=True, limit=5
[13:30:13] Loaded 203 input rows
[13:30:25] [1/203] Bailey, Brian K. -> SKIPPED (person)
[13:30:29] [2/203] Fritz Management, Llc -> matches=1 | FRITZ MANAGEMENT, LLC
[13:30:35] [3/203] Houston Foods, Inc. -> matches=1 | HOUSTON FOODS, INC.
[13:30:39] [4/203] Cinemark Usa, Inc. -> matches=1 | CINEMARK USA, INC.
[13:30:41] [5/203] Murph, Alan D. -> SKIPPED (person)
[13:30:41] Match phase done: processed=5, skipped=0
[13:30:41] Running cross-row analysis ...
[13:30:41] Rescored 5 rows.
[13:30:41] Output: D:\PBX Code\MUF Database Builder\nova-abm-enrichment\states\tx\output\enriched.csv
[13:48:00] Run started — input=states/tx/input/franchisees.csv, output=states/tx/output/enriched.csv, show=False, limit=5
[13:48:00] Loaded 203 input rows
[13:48:02] [1/203] Bailey, Brian K. -> SKIPPED (person)
[13:48:10] [2/203] Fritz Management, Llc -> matches=1 | FRITZ MANAGEMENT, LLC
[13:48:14] [3/203] Houston Foods, Inc. -> matches=1 | HOUSTON FOODS, INC.
[13:48:19] [4/203] Cinemark Usa, Inc. -> matches=1 | CINEMARK USA, INC.
[13:48:20] [5/203] Murph, Alan D. -> SKIPPED (person)
[13:48:20] Match phase done: processed=5, skipped=0
[13:48:20] Running cross-row analysis ...
[13:48:20] Rescored 5 rows.
[13:48:20] Output: D:\PBX Code\MUF Database Builder\nova-abm-enrichment\states\tx\output\enriched.csv
[13:48:59] Run started — input=states/tx/input/franchisees.csv, output=states/tx/output/enriched.csv, show=False, limit=0
[13:48:59] Loaded 203 input rows
[13:49:00] [1/203] Bailey, Brian K. -> SKIPPED (person)
[13:49:05] [2/203] Fritz Management, Llc -> matches=1 | FRITZ MANAGEMENT, LLC
[13:49:09] [3/203] Houston Foods, Inc. -> matches=1 | HOUSTON FOODS, INC.
[13:49:14] [4/203] Cinemark Usa, Inc. -> matches=1 | CINEMARK USA, INC.
[13:49:15] [5/203] Murph, Alan D. -> SKIPPED (person)
[13:49:15] [6/203] Cunningham, Alan -> SKIPPED (person)
[13:49:15] [7/203] Hamill, R. Brent -> SKIPPED (person)
[13:49:21] [8/203] Ampex Brands Ph Of Dallas, Inc. -> matches=2 | AMPEX BRANDS PH OF DALLAS, LLC
[13:49:27] [9/203] Army & Air Force Exchange Services -> matches=3 | ARMY AND AIR FORCE EXCHANGE SERVICE
[13:49:32] [10/203] American Pizza Partners, L.P. -> matches=1 | AMERICAN PIZZA PARTNERS, L.P.
[13:49:32]   rolling: 18.5 rows/min — ETA 10.4min for remaining 193
[13:49:33] [11/203] Mayhall, Dennis L. -> SKIPPED (person)
[13:49:36] [12/203] Z & H Foods, Inc. -> matches=1 | Z & H FOODS, INC.
[13:49:41] [13/203] Continental Superior Management Groups, L.P. -> matches=1 | CONTINENTAL SUPERIOR MANAGEMENT GROUPS, L.P.
[13:49:46] [14/203] Acg 3413, L.P. -> matches=1 | ACG 3413, L.P.
[13:49:52] [15/203] Pop Investments, Llc. -> matches=1 | POP INVESTMENTS, LLC
[13:49:56] [16/203] Shonaz Foods, Inc. -> matches=1 | SHONAZ FOODS, INC.
[13:50:03] [17/203] Ampler Burgers, Llc* -> matches=1 | AMPLER BURGERS LLC
[13:50:05] [18/203] Salido, Fernando -> SKIPPED (person)
[13:50:08] [19/203] Adt Texas Llc -> matches=1 | ADT TEXAS LLC
[13:50:12] [20/203] Tall Timbers Pizza Hut, Inc. -> matches=1 | TALL TIMBERS PIZZA HUT, INC. | owner: LAWRENCE E MARSHALL (offsite agent)
[13:50:12]   rolling: 16.5 rows/min — ETA 11.1min for remaining 183
[13:50:14] [21/203] Gerety, Cassie -> SKIPPED (person)
[13:50:18] [22/203] Smith Dairy Queens Ltd -> matches=1 | SMITH DAIRY QUEENS, LTD. | owner: KAREN K SMITH
[13:50:22] [23/203] Apple Texas Restaurants, Inc -> matches=1 | APPLE TEXAS RESTAURANTS, INC. | owner: CHERYL GREEN
[13:50:26] [24/203] Heart Of Texas Pizza Lp -> matches=1 | HEART OF TEXAS PIZZA LP
[13:50:32] [25/203] Dmfh Restaurant Enterprises Llc -> matches=1 | DMFH RESTAURANT ENTERPRISES, LLC
[13:50:38] [26/203] Ctx Restaurants Inc -> matches=1 | CTX RESTAURANTS, INC. | owner: DAVID L. WEST (offsite agent)
[13:50:44] [27/203] Delect Foods Of Tri-City, Llc -> matches=1 | DELECT FOODS OF TRI-CITY, LLC | owner: KAMAL SINGH
[13:50:48] [28/203] Emerge Pizza Of San Antonio, Llc -> matches=1 | EMERGE PIZZA OF SAN ANTONIO, LLC | owner: KAMAL SINGH
[13:50:53] [29/203] Love'S Travel Stops & Country Stores, Inc. -> matches=1 | LOVE'S TRAVEL STOPS & COUNTRY STORES, INC.
[13:50:54] [30/203] Kenneth P Kades -> SKIPPED (person)
[13:50:54] [31/203] Richard A Castro -> SKIPPED (person)
[13:50:58] [32/203] Rtl Foods, Llc -> matches=1 | RTL FOODS, LLC | owner: TANWEER AHMED (offsite agent)
[13:51:05] [33/203] Dossani Paradise Investments, Llc* -> matches=6 | DOSSANI PARADISE INVESTMENTS, LLC | owner: ANWAR A. DOSSANI (offsite agent)
[13:51:11] [34/203] R & L Lozano Operating Ltd -> matches=10 | R AND L BRIDGE, LLC | owner: MARK BAKER (offsite agent)
[13:51:12] [35/203] Jonathan Chan -> SKIPPED (person)
[13:51:18] [36/203] Richeson Restaurants Inc #1 -> matches=4 | RICHESON RESTAURANTS, INC. #1 | owner: PATRICIA D DIAL (offsite agent)
[13:51:23] [37/203] Hut Texas Llc -> matches=1 | HUT TEXAS LLC
[13:51:28] [38/203] Sodexo Operations, Llc -> matches=1 | SODEXO OPERATIONS, LLC
[13:51:34] [39/203] Texas Restaurants Holdings, Llc -> matches=4 | TEXAS RESTAURANTS INC | owner: WILLIAM O BILL HARRISON JR
[13:51:36] [40/203] Palmer, Steven T. -> SKIPPED (person)
[13:51:39] [41/203] Ddo1-Texas, Llc -> matches=0
[13:51:40] [42/203] Steve Mckinney -> SKIPPED (person)
[13:51:40] [43/203] Mckanna, Michael Corey -> SKIPPED (person)
[13:51:40] [44/203] Abdelmotal, Elsadig M. -> SKIPPED (person)
[13:51:40] [45/203] Nelly Quijano -> SKIPPED (person)
[13:51:40] [46/203] Kevin L Lilly -> SKIPPED (person)
[13:51:43] [47/203] Four Pz Pizza, Inc. -> matches=1 | FOUR PZ PIZZA, INC. | owner: MICHAEL J PATRANELLA (offsite agent)
[13:51:49] [48/203] Delrio Venture, Lp -> matches=1 | DELRIO VENTURE LP | owner: MEHBOOB AMIRALI SUTARIA (offsite agent)
[13:51:56] [49/203] Premium Loaves Iii, Inc. -> matches=1 | PREMIUM LOAVES III, INC.
[13:52:01] [50/203] Itl Foods, L.P. -> matches=1 | ITL FOODS, L.P. | owner: REHMAN AHMED (offsite agent)
[13:52:01]   rolling: 16.5 rows/min — ETA 9.2min for remaining 153
[13:52:02] [51/203] Leonard A Carrillo -> SKIPPED (person)
[13:52:02] [52/203] Roland Parrish -> SKIPPED (person)
[13:52:07] [53/203] R & S Dairy Queens Inc -> matches=1 | R & S DAIRY QUEENS, INC. | owner: SHANNON THAYER
[13:52:08] [54/203] Henry Charles O'Reilly -> SKIPPED (person)
[13:52:08] [55/203] Anand Kumar -> SKIPPED (person)
[13:52:12] [56/203] Tumbleweed Pizza Partners, L.P. -> matches=1 | TUMBLEWEED PIZZA PARTNERS, L.P.
[13:52:20] [57/203] Compass Group, Usa, Inc. -> matches=1 | COMPASS USA ENTERPRISES, INC. | owner: AMITKUMAR BHARATKUMAR SHAH (offsite agent)
[13:52:26] [58/203] Thericheson 3 Group Llc -> matches=1 | THERICHESON 3 GROUP, LLC | owner: PATRICIA D. DIAL (offsite agent)
[13:52:28] [59/203] Dain, Katherine Frances -> SKIPPED (person)
[13:52:28] [60/203] Brown, Randy L. -> SKIPPED (person)
[13:52:31] [61/203] Jj Austin, Llc -> matches=1 | JJ AUSTIN, LLC | owner: NADIM I. COOK
[13:52:33] [62/203] Osman Dana -> SKIPPED (person)
[13:52:33] [63/203] Samuel W Munroe -> SKIPPED (person)
[13:52:33] [64/203] Gene Camarena -> SKIPPED (person)
[13:52:36] [65/203] Apple Houston Restaurants, Inc -> matches=1 | APPLE HOUSTON RESTAURANTS, INC. | owner: CHERYL GREEN
[13:52:49] [66/203] Travis County Investments, Lp -> matches=0
[13:52:51] [67/203] Mayfield, Robert U -> SKIPPED (person)
[13:52:53] [68/203] Forster & Giles Investments -> matches=0
[13:52:55] [69/203] David E Floyd -> SKIPPED (person)
[13:52:55] [70/203] Craig York -> SKIPPED (person)
[13:52:58] [71/203] Kolkhorst Foods, Llc -> matches=1 | KOLKHORST FOODS, LLC | owner: JIM KOLKHORST (offsite agent)
[13:53:03] [72/203] Lone Star Restaurants Llc -> matches=1 | LONE STAR RESTAURANTS LLC
[13:53:08] [73/203] Campiza Foods Of West Texas, Inc. -> matches=1 | CAMPIZA FOODS OF WEST TEXAS, INC. | owner: JOHN CAMP III (offsite agent)
[13:53:10] [74/203] Sam Kantar -> SKIPPED (person)
[13:53:10] [75/203] Tyrous Ingram -> SKIPPED (person)
[13:53:10] [76/203] Sarem Soudagar -> SKIPPED (person)
[13:53:13] [77/203] Lone Star Apple, Llc -> matches=1 | LONE STAR APPLE, LLC
[13:53:20] [78/203] Brady'S Dairy Queen Inc -> matches=1 | BRADY'S DAIRY QUEEN, INC. | owner: KEN GEIHSLER
[13:53:26] [79/203] Z & G Enterprises Llc -> matches=1 | Z & G ENTERPRISES, LLC.
[13:53:28] [80/203] Schweitzer, Michael H. -> SKIPPED (person)
[13:53:28] [81/203] Alfredo Del Barrio -> SKIPPED (person)
[13:53:28] [82/203] Daniel H Massey -> SKIPPED (person)
[13:53:28] [83/203] David B Glaser -> SKIPPED (person)
[13:53:28] [84/203] David Gutierrez -> SKIPPED (person)
[13:53:31] [85/203] Aramark Educational Services, Llc -> matches=1 | ARAMARK EDUCATIONAL SERVICES, LLC
[13:53:37] [86/203] Usher & Lay Company Ii Llc -> matches=1 | USHER & LAY COMPANY II, LLC | owner: SCOTT A. LAY
[13:53:38] [87/203] West, Jimmy D / West, Suellen J -> SKIPPED (person)
[13:53:38] [88/203] Li, Heng -> SKIPPED (person)
[13:53:52] [89/203] The Houston Guys, Llc (John Hooff And Eugene Hooff) -> matches=1 | THE HOUSTON GUYS, LLC
[13:53:54] [90/203] Michael K Vanecek -> SKIPPED (person)
[13:53:54] [91/203] Edward L Lutito -> SKIPPED (person)
[13:53:54] [92/203] Jordan Ellis -> SKIPPED (person)
[13:53:54] [93/203] Vera Ingram -> SKIPPED (person)
[13:53:58] [94/203] Famous Chicken Of El Paso, L.L.C. -> matches=1 | FAMOUS CHICKEN OF EL PASO, L.L.C. | owner: JAVIER DE ANDA (offsite agent)
[13:54:03] [95/203] Albert Restaurant Group, Llc -> matches=1 | ALBERT RESTAURANT GROUP, LLC | owner: CARY L. ALBERT (offsite agent)
[13:54:10] [96/203] Jrdq Llc -> matches=2 | JRDQ, LLC | owner: JEFF PENNINGTON (offsite agent)
[13:54:16] [97/203] Golden Triangle Dairy Queens Inc -> matches=1 | GOLDEN TRIANGLE DAIRY QUEENS, INC. | owner: WESLEY R HOWARD
[13:54:22] [98/203] Crema Dulce Inc -> matches=1 | CREMA DULCE, INC. | owner: JANE RICHARDSON (offsite agent)
[13:54:24] [99/203] See, Kevin P. -> SKIPPED (person)
[13:54:24] [100/203] Luttrell, Christopher Scott -> SKIPPED (person)
[13:54:24] [101/203] Matthew Kades -> SKIPPED (person)
[13:54:24] [102/203] Jeanie T Smith -> SKIPPED (person)
[13:54:24] [103/203] Danielle M Marasco -> SKIPPED (person)
[13:54:29] [104/203] Northwest Petroleum. Lp -> matches=1 | NORTHWEST PETROLEUM LP | owner: FAZIL MALIK (offsite agent)
[13:54:34] [105/203] Jprieto Hospitality Llc -> matches=1 | JPRIETO HOSPITALITY LLC | owner: JORGE PRIETO (offsite agent)
[13:54:38] [106/203] Rmls Hop Texas, L.L.C. -> matches=2 | RMLS HOP TEXAS, L.L.C.
[13:54:44] [107/203] Blue Rock Holdings, Llc -> matches=1 | BLUE ROCK HOLDINGS, LLC | owner: JASON M BRUMBALOW
[13:54:45] [108/203] Russell W Ellis -> SKIPPED (person)
[13:54:45] [109/203] Luis R Hernandez -> SKIPPED (person)
[13:54:45] [110/203] Ignacio De Leon -> SKIPPED (person)
[13:54:45] [111/203] Lori Blanton -> SKIPPED (person)
[13:54:45] [112/203] Luis Antonio A Acosta -> SKIPPED (person)
[13:54:48] [113/203] Vega North Enterprises Llc -> matches=1 | VEGA NORTH ENTERPRISES LLC
[13:54:50] [114/203] Mayfield, Nathaniel L / Mayfield, Virginia K -> SKIPPED (person)
[13:54:50] [115/203] Burnham, Mason -> SKIPPED (person)
[13:54:50] [116/203] Montemayor, Oscar -> SKIPPED (person)
[13:54:50] [117/203] Benevente, Thomas R. -> SKIPPED (person)
[13:54:53] [118/203] Brumfield Enterprises Weatherford, Llc -> matches=1 | BRUMFIELD ENTERPRISES WEATHERFORD, LLC | owner: DAVID F BRUMFIELD (offsite agent)
[13:54:58] [119/203] Prosper Independent School District -> matches=2 | PROSPER INDEPENDENT SCHOOL DISTRICT GRADUATION CEL | owner: JULIE J BRANTLEY (offsite agent)
[13:55:00] [120/203] Dale R Raabe -> SKIPPED (person)
[13:55:00] [121/203] Anthony E Grissett -> SKIPPED (person)
[13:55:00] [122/203] Joy D Frank-Silmon -> SKIPPED (person)
[13:55:00] [123/203] Jamie C Straza -> SKIPPED (person)
[13:55:00] [124/203] Veronica Ruano -> SKIPPED (person)
[13:55:00] [125/203] Mariselle Quijano -> SKIPPED (person)
[13:55:00] [126/203] Frank N Mendoza -> SKIPPED (person)
[13:55:00] [127/203] Lynette Conlan -> SKIPPED (person)
[13:55:00] [128/203] Kevin J Moore -> SKIPPED (person)
[13:55:03] [129/203] Progressive Pizza Partners, L.P. -> matches=1 | PROGRESSIVE PIZZA PARTNERS, L.P. | owner: MICHAEL ORACION (offsite agent)
[13:55:08] [130/203] Cf Treats Sunset Llc -> matches=1 | CF TREATS SUNSET, LLC | owner: WHITLEY WOLMAN
[13:55:09]   rolling: 21.1 rows/min — ETA 3.5min for remaining 73
[13:55:15] [131/203] Ole Dq Inc -> matches=1 | OLE DQ, INC. | owner: JANE RICHARDSON (offsite agent)
[13:55:19] [132/203] Rahwd Enterprises Llc -> matches=1 | RAHWD ENTERPRISES LLC | owner: KIM L. LAWRENCE (offsite agent)
[13:55:24] [133/203] Bona Tc 5696, Inc. -> matches=1 | BONA TC 5696, INC.
[13:55:29] [134/203] Gato Ciego Llc -> matches=1 | GATO CIEGO LLC | owner: STEPHENSON FOURNIER PLLC (offsite agent)
[13:55:36] [135/203] Earl & Markus Restaurants Lp -> matches=10 | EARL AND CO., LLC
[13:55:41] [136/203] Butts Largent Investment Group Ii, Inc. -> matches=1 | BUTTS LARGENT INVESTMENT GROUP II, INC.
[13:55:47] [137/203] Dwr Foods, Llc -> matches=1 | DWR FOODS LLC | owner: TANWEER AHMED
[13:55:51] [138/203] 1361-0003 -> matches=0
[13:55:52] [139/203] William T Massey -> SKIPPED (person)
[13:55:52] [140/203] Anna E Oquin -> SKIPPED (person)
[13:55:52] [141/203] Clifton C Johnson -> SKIPPED (person)
[13:55:52] [142/203] Robert Wezeman -> SKIPPED (person)
[13:55:52] [143/203] Laurie Glaser-Swift -> SKIPPED (person)
[13:55:56] [144/203] Texas Chicken, Llc -> matches=1 | TEXAS CHICKEN, LLC
[13:56:00] [145/203] Wingsport, Lp -> matches=1 | WINGSPORT, LP | owner: DAVID E. OHRE
[13:56:04] [146/203] Wjcck Inc -> matches=0
[13:56:09] [147/203] Pratt-Mdq Inc -> matches=0
[13:56:15] [148/203] Cinco Dq Inc -> matches=1 | CINCO DQ, INC. | owner: JANE RICHARDSON (offsite agent)
[13:56:17] [149/203] Dennis, Brian K. -> SKIPPED (person)
[13:56:22] [150/203] Senovia Foods North, Llc (Albert Carrillo, Jr.) -> matches=1 | SENOVIA FOODS NORTH, LLC | owner: ALBERT C. CARRILLO JR
[13:56:22]   rolling: 20.4 rows/min — ETA 2.6min for remaining 53
[13:56:28] [151/203] 949 Subs, Llc -> matches=1 | 949 SUBS LLC | owner: STEPHENSON FOURNIER, PLLC (offsite agent)
[13:56:29] [152/203] Celia Jairala -> SKIPPED (person)
[13:56:29] [153/203] Thomas S Hardeman -> SKIPPED (person)
[13:56:29] [154/203] Todd J Grafmiller -> SKIPPED (person)
[13:56:29] [155/203] Martin I Washington -> SKIPPED (person)
[13:56:29] [156/203] Jason Kinney -> SKIPPED (person)
[13:56:29] [157/203] Hampton Conlan -> SKIPPED (person)
[13:56:29] [158/203] Elizabeth Jasper -> SKIPPED (person)
[13:56:29] [159/203] Carla J Moore -> SKIPPED (person)
[13:56:29] [160/203] Deanna De La Garza -> SKIPPED (person)
[13:56:29] [161/203] Lisa Dribben -> SKIPPED (person)
[13:56:29] [162/203] Denise Bentham -> SKIPPED (person)
[13:56:29] [163/203] Stephanie Oliver Parrish -> SKIPPED (person)
[13:56:32] [164/203] Huntsville Ph, Inc. -> matches=1 | HUNTSVILLE PH, INC. | owner: JAMES O CARTER (offsite agent)
[13:56:37] [165/203] Sps Foods, Llc -> matches=1 | SPS FOODS, LLC | owner: SOUNDARARAJAN GOPAL (offsite agent)
[13:56:41] [166/203] Damaraya, Lp -> matches=1 | DAMARAYA, LP | owner: RAMZI HAKIM
[13:56:47] [167/203] Phasenext Hospitality, Llc -> matches=1 | PHASENEXT HOSPITALITY, LLC | owner: ROSALYN MALLET
[13:56:51] [168/203] United Restaurant Holdings, Llc -> matches=1 | UNITED RESTAURANT HOLDINGS, LLC | owner: SANJAY MEHRA
[13:56:56] [169/203] Aspire 2B Hospitality-Missouri City, Llc -> matches=1 | ASPIRE 2B HOSPITALITY-MISSOURI CITY, LLC | owner: ERWIN CHRISTOPHER OLEXA
[13:57:01] [170/203] Quality Brand Group Wild Wings Llc -> matches=1 | QUALITY BRAND GROUP WILD WINGS LLC
[13:57:01]   rolling: 21.2 rows/min — ETA 1.6min for remaining 33
[13:57:06] [171/203] Lotzapan, Llc -> matches=1 | LOTZAPAN, LLC | owner: DAVID LOZANO (offsite agent)
[13:57:08] [172/203] Witherspoon, Richard B -> SKIPPED (person)
[13:57:08] [173/203] Fritts, David A -> SKIPPED (person)
[13:57:12] [174/203] Tiffany Dq Company Ltd -> matches=1 | TIFFANY DQ COMPANY, LTD. | owner: AMITY D LANOY
[13:57:18] [175/203] Rivera Food Services Ltd -> matches=1 | RIVERA FOOD SERVICES, LTD. | owner: BARBARA S. RIVERA (offsite agent)
[13:57:19] [176/203] Marshall, Selby Mark -> SKIPPED (person)
[13:57:19] [177/203] Mcbride, Alfred Timothy -> SKIPPED (person)
[13:57:22] [178/203] Mas Amin 1483, Inc. -> matches=1 | MAS AMIN 1483, INC. | owner: MOHAMMAD AMIN
[13:57:27] [179/203] Lorraine Enterprises, L.C. -> matches=1 | LORRAINE ENTERPRISES, L.C. | owner: JOE A OVIEDO (offsite agent)
[13:57:32] [180/203] Znub #6, Llc -> matches=1 | ZNUB #6, LLC | owner: KELI LUCE (offsite agent)
[13:57:32]   rolling: 21.1 rows/min — ETA 1.1min for remaining 23
[13:57:36] [181/203] Notyep, Llc -> matches=1 | NOTYEP, LLC | owner: BYRON HELTON (offsite agent)
[13:57:41] [182/203] Ro Foods, Inc. -> matches=1 | RO FOODS, INC. | owner: RAFIQ MOOSA
[13:57:45] [183/203] Rayan National Corporation, Inc. -> matches=1 | RAYAN NATIONAL CORPORATION, INC. | owner: IRFAN N. MOOSA (offsite agent)
[13:57:48] [184/203] 1309-0005 -> matches=0
[13:57:52] [185/203] 1458-0004 -> matches=0
[13:57:55] [186/203] 1841-0313 -> matches=0
[13:57:57] [187/203] David J Harmon -> SKIPPED (person)
[13:57:57] [188/203] Carrie Perez -> SKIPPED (person)
[13:57:57] [189/203] Jimmy L Ferguson -> SKIPPED (person)
[13:57:57] [190/203] E. Winston Ross -> SKIPPED (person)
[13:57:57] [191/203] Tanyel Bennett -> SKIPPED (person)
[13:57:57] [192/203] Jennifer Jasper -> SKIPPED (person)
[13:57:57] [193/203] Maria Victoria Acosta -> SKIPPED (person)
[13:57:57] [194/203] Alberto Romero -> SKIPPED (person)
[13:57:57] [195/203] Warren Spann -> SKIPPED (person)
[13:57:57] [196/203] Jonathan C Kelley -> SKIPPED (person)
[13:57:57] [197/203] Kevin Mazzu -> SKIPPED (person)
[13:57:57] [198/203] Gary L Bolen -> SKIPPED (person)
[13:57:57] [199/203] Stuart W Brown -> SKIPPED (person)
[13:57:57] [200/203] Hazel Kay Smith -> SKIPPED (person)
[13:57:57] [201/203] Ruth Robillard -> SKIPPED (person)
[13:58:00] [202/203] Lvm Foods, Llc -> matches=1 | LVM FOODS, LLC | owner: LUIS VERAS
[13:58:05] [203/203] Cut-N-Shoot Ph, Inc. -> matches=1 | CUT-N-SHOOT PH, INC. | owner: JAMES O CARTER (offsite agent)
[13:58:07] Match phase done: processed=203, skipped=0
[13:58:07] Running cross-row analysis ...
[13:58:07] Rescored 203 rows.
[13:58:07] Output: D:\PBX Code\MUF Database Builder\nova-abm-enrichment\states\tx\output\enriched.csv
